Using ROS (catkin_make)
[36m--[0m Using CATKIN_DEVEL_PREFIX: /home/alsarmi/Dropbox/KTH_Classes/Project_Course_Drone/dd2419_ws/devel/.private/crazyflie_cpp
[36m--[0m Using CMAKE_PREFIX_PATH: /home/alsarmi/Dropbox/KTH_Classes/Project_Course_Drone/dd2419_ws/devel;/opt/ros/melodic
[36m--[0m This workspace overlays: /home/alsarmi/Dropbox/KTH_Classes/Project_Course_Drone/dd2419_ws/devel;/opt/ros/melodic
[36m--[0m Found PythonInterp: /usr/bin/python2 (found suitable version "2.7.17", minimum required is "2")
[36m--[0m Using PYTHON_EXECUTABLE: /usr/bin/python2
[36m--[0m Using Debian Python package layout
[36m--[0m Using empy: /usr/bin/empy
[36m--[0m Using CATKIN_ENABLE_TESTING: ON
[36m--[0m Call enable_testing()
[36m--[0m Using CATKIN_TEST_RESULTS_DIR: /home/alsarmi/Dropbox/KTH_Classes/Project_Course_Drone/dd2419_ws/build/crazyflie_cpp/test_results
[36m--[0m Found gtest sources under '/usr/src/googletest': gtests will be built
[36m--[0m Found gmock sources under '/usr/src/googletest': gmock will be built
[36m--[0m Found PythonInterp: /usr/bin/python2 (found version "2.7.17")
[36m--[0m Using Python nosetests: /usr/bin/nosetests-2.7
[36m--[0m catkin 0.7.23
[36m--[0m BUILD_SHARED_LIBS is on
[33m[1mCMake Warning[0m at /opt/ros/melodic/share/catkin/cmake/catkin_package.cmake:166 (message):
  catkin_package() DEPENDS on '/usr/lib/x86_64-linux-gnu/libusb-1.0.so' but
  neither '/usr/lib/x86_64-linux-gnu/libusb-1.0.so_INCLUDE_DIRS' nor
  '/usr/lib/x86_64-linux-gnu/libusb-1.0.so_LIBRARIES' is defined.
[36mCall Stack (most recent call first):[0m
  /opt/ros/melodic/share/catkin/cmake/catkin_package.cmake:102 (_catkin_package)
  ROS.cmake:18 (catkin_package)
  CMakeLists.txt:6 (include)


[36m--[0m Configuring done
[36m--[0m Generating done
[36m--[0m Build files have been written to: /home/alsarmi/Dropbox/KTH_Classes/Project_Course_Drone/dd2419_ws/build/crazyflie_cpp
