Determining if the pthread_create exist failed with the following output:
Change Dir: /home/alsarmi/Dropbox/KTH_Classes/Project_Course_Drone/dd2419_ws/build/assignment/CMakeFiles/CMakeTmp

Run Build Command:"/usr/bin/make" "cmTC_8867a/fast"
/usr/bin/make -f CMakeFiles/cmTC_8867a.dir/build.make CMakeFiles/cmTC_8867a.dir/build
make[1]: Entering directory '/home/alsarmi/Dropbox/KTH_Classes/Project_Course_Drone/dd2419_ws/build/assignment/CMakeFiles/CMakeTmp'
Building C object CMakeFiles/cmTC_8867a.dir/CheckSymbolExists.c.o
/usr/bin/cc    -o CMakeFiles/cmTC_8867a.dir/CheckSymbolExists.c.o   -c /home/alsarmi/Dropbox/KTH_Classes/Project_Course_Drone/dd2419_ws/build/assignment/CMakeFiles/CMakeTmp/CheckSymbolExists.c
Linking C executable cmTC_8867a
/usr/bin/cmake -E cmake_link_script CMakeFiles/cmTC_8867a.dir/link.txt --verbose=1
/usr/bin/cc      -rdynamic CMakeFiles/cmTC_8867a.dir/CheckSymbolExists.c.o  -o cmTC_8867a 
CMakeFiles/cmTC_8867a.dir/CheckSymbolExists.c.o: In function `main':
CheckSymbolExists.c:(.text+0x1b): undefined reference to `pthread_create'
collect2: error: ld returned 1 exit status
CMakeFiles/cmTC_8867a.dir/build.make:97: recipe for target 'cmTC_8867a' failed
make[1]: *** [cmTC_8867a] Error 1
make[1]: Leaving directory '/home/alsarmi/Dropbox/KTH_Classes/Project_Course_Drone/dd2419_ws/build/assignment/CMakeFiles/CMakeTmp'
Makefile:126: recipe for target 'cmTC_8867a/fast' failed
make: *** [cmTC_8867a/fast] Error 2

File /home/alsarmi/Dropbox/KTH_Classes/Project_Course_Drone/dd2419_ws/build/assignment/CMakeFiles/CMakeTmp/CheckSymbolExists.c:
/* */
#include <pthread.h>

int main(int argc, char** argv)
{
  (void)argv;
#ifndef pthread_create
  return ((int*)(&pthread_create))[argc];
#else
  (void)argc;
  return 0;
#endif
}

Determining if the function pthread_create exists in the pthreads failed with the following output:
Change Dir: /home/alsarmi/Dropbox/KTH_Classes/Project_Course_Drone/dd2419_ws/build/assignment/CMakeFiles/CMakeTmp

Run Build Command:"/usr/bin/make" "cmTC_b09ff/fast"
/usr/bin/make -f CMakeFiles/cmTC_b09ff.dir/build.make CMakeFiles/cmTC_b09ff.dir/build
make[1]: Entering directory '/home/alsarmi/Dropbox/KTH_Classes/Project_Course_Drone/dd2419_ws/build/assignment/CMakeFiles/CMakeTmp'
Building C object CMakeFiles/cmTC_b09ff.dir/CheckFunctionExists.c.o
/usr/bin/cc   -DCHECK_FUNCTION_EXISTS=pthread_create   -o CMakeFiles/cmTC_b09ff.dir/CheckFunctionExists.c.o   -c /usr/share/cmake-3.10/Modules/CheckFunctionExists.c
Linking C executable cmTC_b09ff
/usr/bin/cmake -E cmake_link_script CMakeFiles/cmTC_b09ff.dir/link.txt --verbose=1
/usr/bin/cc  -DCHECK_FUNCTION_EXISTS=pthread_create    -rdynamic CMakeFiles/cmTC_b09ff.dir/CheckFunctionExists.c.o  -o cmTC_b09ff -lpthreads 
/usr/bin/ld: cannot find -lpthreads
collect2: error: ld returned 1 exit status
CMakeFiles/cmTC_b09ff.dir/build.make:97: recipe for target 'cmTC_b09ff' failed
make[1]: *** [cmTC_b09ff] Error 1
make[1]: Leaving directory '/home/alsarmi/Dropbox/KTH_Classes/Project_Course_Drone/dd2419_ws/build/assignment/CMakeFiles/CMakeTmp'
Makefile:126: recipe for target 'cmTC_b09ff/fast' failed
make: *** [cmTC_b09ff/fast] Error 2


