[  0%] Built target _crazyflie_gazebo_generate_messages_check_deps_AddCrazyflie
[  0%] Built target _crazyflie_gazebo_generate_messages_check_deps_LogBlock
[  0%] Built target _crazyflie_gazebo_generate_messages_check_deps_GoTo
[  0%] Built target _crazyflie_gazebo_generate_messages_check_deps_StartTrajectory
[  0%] Built target _crazyflie_gazebo_generate_messages_check_deps_Hover
[  0%] Built target _crazyflie_gazebo_generate_messages_check_deps_UpdateParams
[  0%] Built target std_msgs_generate_messages_cpp
[  0%] Built target _crazyflie_gazebo_generate_messages_check_deps_WindSpeed
[  0%] Built target geometry_msgs_generate_messages_cpp
[  0%] Built target _crazyflie_gazebo_generate_messages_check_deps_TrajectoryPolynomialPiece
[  0%] Built target _crazyflie_gazebo_generate_messages_check_deps_Land
[  0%] Built target _crazyflie_gazebo_generate_messages_check_deps_FullState
[  0%] Built target _crazyflie_gazebo_generate_messages_check_deps_SetGroupMask
[  0%] Built target _crazyflie_gazebo_generate_messages_check_deps_crtpPacket
[  0%] Built target _crazyflie_gazebo_generate_messages_check_deps_RemoveCrazyflie
[  0%] Built target _crazyflie_gazebo_generate_messages_check_deps_GenericLogData
[  0%] Built target _crazyflie_gazebo_generate_messages_check_deps_UploadTrajectory
[  0%] Built target _crazyflie_gazebo_generate_messages_check_deps_Takeoff
[  0%] Built target _crazyflie_gazebo_generate_messages_check_deps_Stop
[  0%] Built target _crazyflie_gazebo_generate_messages_check_deps_sendPacket
[  0%] Built target _crazyflie_gazebo_generate_messages_check_deps_Position
[  0%] Built target _catkin_empty_exported_target
[  0%] [32m[1mLinking CXX shared library /home/alsarmi/Dropbox/KTH_Classes/Project_Course_Drone/dd2419_ws/devel/.private/crazyflie_gazebo/lib/libmav_msgs.so[0m
[  2%] Built target crazyflie_comm
[  2%] Built target std_srvs_generate_messages_cpp
[  2%] Built target rosgraph_msgs_generate_messages_eus
[  2%] Built target rosgraph_msgs_generate_messages_cpp
[  2%] Built target geometry_msgs_generate_messages_eus
[  2%] Built target roscpp_generate_messages_cpp
[  2%] Built target sensor_msgs_generate_messages_nodejs
[ 33%] Built target mav_msgs
[ 33%] Built target actionlib_generate_messages_cpp
[ 33%] Built target trajectory_msgs_generate_messages_cpp
[ 33%] Built target rosgraph_msgs_generate_messages_lisp
[ 33%] Built target mav_msgs_generate_messages_py
[ 33%] Built target sensor_msgs_generate_messages_eus
[ 33%] Built target actionlib_generate_messages_eus
[ 33%] Built target trajectory_msgs_generate_messages_lisp
[ 33%] Built target mav_msgs_generate_messages_eus
[ 33%] Built target sensor_msgs_generate_messages_py
[ 33%] Built target trajectory_msgs_generate_messages_nodejs
[ 33%] Built target tf_generate_messages_py
[ 33%] Built target geometry_msgs_generate_messages_lisp
[ 33%] Built target trajectory_msgs_generate_messages_eus
[ 33%] Built target roscpp_generate_messages_py
[ 33%] Built target sensor_msgs_generate_messages_lisp
[ 33%] Built target std_msgs_generate_messages_py
[ 33%] Built target rosgraph_msgs_generate_messages_nodejs
[ 33%] Built target std_srvs_generate_messages_eus
[ 33%] Built target trajectory_msgs_generate_messages_py
[ 33%] Built target geometry_msgs_generate_messages_py
[ 33%] Built target actionlib_msgs_generate_messages_py
[ 33%] Built target roscpp_generate_messages_lisp
[ 33%] Built target geometry_msgs_generate_messages_nodejs
[ 33%] Built target sensor_msgs_generate_messages_cpp
[ 33%] Built target roscpp_generate_messages_nodejs
[ 33%] Built target std_msgs_generate_messages_lisp
[ 33%] Built target std_msgs_generate_messages_nodejs
[ 33%] Built target std_srvs_generate_messages_nodejs
[ 33%] Built target std_srvs_generate_messages_lisp
[ 33%] Built target actionlib_generate_messages_lisp
[ 33%] Built target std_srvs_generate_messages_py
[ 33%] Built target actionlib_msgs_generate_messages_cpp
[ 33%] Built target tf_generate_messages_eus
[ 33%] Built target mav_msgs_generate_messages_lisp
[ 33%] Built target tf_generate_messages_nodejs
[ 33%] Built target tf_generate_messages_cpp
[ 33%] Built target tf_generate_messages_lisp
[ 33%] Built target actionlib_generate_messages_nodejs
[ 33%] Built target mav_msgs_generate_messages_nodejs
[ 33%] Built target rosgraph_msgs_generate_messages_py
[ 33%] Built target roscpp_generate_messages_eus
[ 33%] Built target actionlib_msgs_generate_messages_eus
[ 33%] Built target mav_msgs_generate_messages_cpp
[ 33%] Built target actionlib_msgs_generate_messages_lisp
[ 33%] Built target actionlib_msgs_generate_messages_nodejs
[ 33%] Built target tf2_msgs_generate_messages_cpp
[ 33%] Built target tf2_msgs_generate_messages_eus
[ 33%] Built target tf2_msgs_generate_messages_lisp
[ 33%] Built target actionlib_generate_messages_py
[ 33%] Built target tf2_msgs_generate_messages_nodejs
[ 33%] Built target tf2_msgs_generate_messages_py
[ 33%] Built target std_msgs_generate_messages_eus
[ 34%] Built target models_gen
[ 35%] Built target cfHandler_sf
[ 35%] [32m[1mLinking CXX shared library /home/alsarmi/Dropbox/KTH_Classes/Project_Course_Drone/dd2419_ws/devel/.private/crazyflie_gazebo/lib/libgazebo_sonar_plugin.so[0m
[ 36%] Built target crazyflie_ghost_sf
[ 37%] [32m[1mLinking CXX shared library /home/alsarmi/Dropbox/KTH_Classes/Project_Course_Drone/dd2419_ws/devel/.private/crazyflie_gazebo/lib/libgazebo_gps_plugin.so[0m
[ 37%] Built target crazyflie_sf
[ 37%] [32m[1mLinking CXX shared library /home/alsarmi/Dropbox/KTH_Classes/Project_Course_Drone/dd2419_ws/devel/.private/crazyflie_gazebo/lib/libLiftDragPlugin.so[0m
[ 37%] [32m[1mLinking CXX shared library /home/alsarmi/Dropbox/KTH_Classes/Project_Course_Drone/dd2419_ws/devel/.private/crazyflie_gazebo/lib/librotors_gazebo_odometry_plugin.so[0m
[ 37%] [34m[1mGenerating Javascript code from crazyflie_gazebo/Hover.msg[0m
[ 37%] [32m[1mLinking CXX shared library /home/alsarmi/Dropbox/KTH_Classes/Project_Course_Drone/dd2419_ws/devel/.private/crazyflie_gazebo/lib/librotors_gazebo_magnetometer_plugin.so[0m
[ 37%] [32m[1mLinking CXX shared library /home/alsarmi/Dropbox/KTH_Classes/Project_Course_Drone/dd2419_ws/devel/.private/crazyflie_gazebo/lib/librotors_gazebo_motor_model.so[0m
[ 38%] [34m[1mGenerating Javascript code from crazyflie_gazebo/Position.msg[0m
[ 38%] [34m[1mGenerating Javascript code from crazyflie_gazebo/GenericLogData.msg[0m
[ 40%] [34m[1mGenerating Javascript code from crazyflie_gazebo/WindSpeed.msg[0m
[ 40%] [34m[1mGenerating Javascript code from crazyflie_gazebo/TrajectoryPolynomialPiece.msg[0m
[ 40%] [34m[1mGenerating Javascript code from crazyflie_gazebo/FullState.msg[0m
[ 41%] [34m[1mGenerating Javascript code from crazyflie_gazebo/crtpPacket.msg[0m
[ 41%] [34m[1mGenerating Javascript code from crazyflie_gazebo/LogBlock.msg[0m
[ 42%] [34m[1mGenerating Javascript code from crazyflie_gazebo/Stop.srv[0m
[ 42%] [34m[1mGenerating Javascript code from crazyflie_gazebo/StartTrajectory.srv[0m
[ 42%] Built target LiftDragPlugin
[ 42%] [34m[1mGenerating EusLisp code from crazyflie_gazebo/Hover.msg[0m
[ 43%] [34m[1mGenerating Javascript code from crazyflie_gazebo/sendPacket.srv[0m
[ 44%] [34m[1mGenerating Python from MSG crazyflie_gazebo/Hover[0m
[ 44%] Built target gazebo_gps_plugin
[ 45%] [34m[1mGenerating Lisp code from crazyflie_gazebo/Hover.msg[0m
[ 45%] [34m[1mGenerating Javascript code from crazyflie_gazebo/UpdateParams.srv[0m
[ 46%] [34m[1mGenerating EusLisp code from crazyflie_gazebo/Position.msg[0m
[ 46%] [34m[1mGenerating Lisp code from crazyflie_gazebo/Position.msg[0m
[ 46%] Built target gazebo_sonar_plugin
[ 46%] [34m[1mGenerating Javascript code from crazyflie_gazebo/GoTo.srv[0m
[ 46%] [34m[1mGenerating Python from MSG crazyflie_gazebo/Position[0m
[ 47%] [34m[1mGenerating C++ code from crazyflie_gazebo/Hover.msg[0m
[ 48%] [34m[1mGenerating Lisp code from crazyflie_gazebo/GenericLogData.msg[0m
[ 48%] [34m[1mGenerating EusLisp code from crazyflie_gazebo/GenericLogData.msg[0m
[ 49%] [34m[1mGenerating Javascript code from crazyflie_gazebo/SetGroupMask.srv[0m
[ 49%] [34m[1mGenerating Lisp code from crazyflie_gazebo/WindSpeed.msg[0m
[ 49%] [34m[1mGenerating EusLisp code from crazyflie_gazebo/WindSpeed.msg[0m
[ 49%] [34m[1mGenerating Python from MSG crazyflie_gazebo/GenericLogData[0m
[ 49%] [34m[1mGenerating Javascript code from crazyflie_gazebo/AddCrazyflie.srv[0m
[ 49%] [34m[1mGenerating C++ code from crazyflie_gazebo/Position.msg[0m
[ 50%] [34m[1mGenerating Lisp code from crazyflie_gazebo/TrajectoryPolynomialPiece.msg[0m
[ 51%] [34m[1mGenerating Javascript code from crazyflie_gazebo/UploadTrajectory.srv[0m
[ 52%] [34m[1mGenerating EusLisp code from crazyflie_gazebo/TrajectoryPolynomialPiece.msg[0m
[ 52%] [34m[1mGenerating Lisp code from crazyflie_gazebo/FullState.msg[0m
[ 52%] [34m[1mGenerating Javascript code from crazyflie_gazebo/RemoveCrazyflie.srv[0m
[ 53%] [34m[1mGenerating Python from MSG crazyflie_gazebo/WindSpeed[0m
[ 55%] Built target rotors_gazebo_odometry_plugin
[ 55%] [34m[1mGenerating C++ code from crazyflie_gazebo/GenericLogData.msg[0m
[ 55%] [34m[1mGenerating Python from MSG crazyflie_gazebo/TrajectoryPolynomialPiece[0m
[ 56%] [34m[1mGenerating Lisp code from crazyflie_gazebo/crtpPacket.msg[0m
[ 57%] [34m[1mGenerating Javascript code from crazyflie_gazebo/Takeoff.srv[0m
[ 57%] [34m[1mGenerating EusLisp code from crazyflie_gazebo/FullState.msg[0m
[ 57%] [34m[1mGenerating Javascript code from crazyflie_gazebo/Land.srv[0m
[ 58%] [34m[1mGenerating EusLisp code from crazyflie_gazebo/crtpPacket.msg[0m
[ 58%] [34m[1mGenerating C++ code from crazyflie_gazebo/WindSpeed.msg[0m
[ 58%] [34m[1mGenerating Lisp code from crazyflie_gazebo/LogBlock.msg[0m
[ 58%] [34m[1mGenerating Lisp code from crazyflie_gazebo/Stop.srv[0m
[ 60%] Built target rotors_gazebo_magnetometer_plugin
[ 61%] [34m[1mGenerating Python from MSG crazyflie_gazebo/FullState[0m
[ 61%] Built target crazyflie_gazebo_generate_messages_nodejs
[35m[1mScanning dependencies of target gazebo_cfGhost_plugin[0m
[ 62%] [34m[1mGenerating EusLisp code from crazyflie_gazebo/LogBlock.msg[0m
[ 62%] [34m[1mGenerating Lisp code from crazyflie_gazebo/StartTrajectory.srv[0m
[ 63%] Built target rotors_gazebo_motor_model
[ 63%] [34m[1mGenerating Lisp code from crazyflie_gazebo/sendPacket.srv[0m
[ 64%] [32m[1mLinking CXX shared library /home/alsarmi/Dropbox/KTH_Classes/Project_Course_Drone/dd2419_ws/devel/.private/crazyflie_gazebo/lib/librotors_gazebo_controller_interface.so[0m
[ 65%] [34m[1mGenerating C++ code from crazyflie_gazebo/TrajectoryPolynomialPiece.msg[0m
[ 66%] [32m[1mLinking CXX shared library /home/alsarmi/Dropbox/KTH_Classes/Project_Course_Drone/dd2419_ws/devel/.private/crazyflie_gazebo/lib/librotors_gazebo_pressure_plugin.so[0m
[ 67%] [34m[1mGenerating EusLisp code from crazyflie_gazebo/Stop.srv[0m
[ 67%] [32m[1mLinking CXX shared library /home/alsarmi/Dropbox/KTH_Classes/Project_Course_Drone/dd2419_ws/devel/.private/crazyflie_gazebo/lib/librotors_gazebo_lps_plugin.so[0m
[ 68%] [34m[1mGenerating Lisp code from crazyflie_gazebo/UpdateParams.srv[0m
[ 69%] [32m[1mLinking CXX shared library /home/alsarmi/Dropbox/KTH_Classes/Project_Course_Drone/dd2419_ws/devel/.private/crazyflie_gazebo/lib/librotors_gazebo_imu_plugin.so[0m
[ 69%] [32mBuilding CXX object CMakeFiles/gazebo_cfGhost_plugin.dir/src/gazebo_cfGhost_plugin.cpp.o[0m
[ 69%] [34m[1mGenerating Python from MSG crazyflie_gazebo/crtpPacket[0m
[ 69%] [32m[1mLinking CXX shared library /home/alsarmi/Dropbox/KTH_Classes/Project_Course_Drone/dd2419_ws/devel/.private/crazyflie_gazebo/lib/librotors_gazebo_multirotor_base_plugin.so[0m
[ 69%] [34m[1mGenerating EusLisp code from crazyflie_gazebo/StartTrajectory.srv[0m
[ 69%] [34m[1mGenerating Lisp code from crazyflie_gazebo/GoTo.srv[0m
[ 69%] [34m[1mGenerating C++ code from crazyflie_gazebo/FullState.msg[0m
[ 70%] [34m[1mGenerating Lisp code from crazyflie_gazebo/SetGroupMask.srv[0m
[ 70%] [34m[1mGenerating EusLisp code from crazyflie_gazebo/sendPacket.srv[0m
[ 70%] [34m[1mGenerating Lisp code from crazyflie_gazebo/AddCrazyflie.srv[0m
[ 71%] [34m[1mGenerating Python from MSG crazyflie_gazebo/LogBlock[0m
[ 71%] [34m[1mGenerating C++ code from crazyflie_gazebo/crtpPacket.msg[0m
[ 72%] [34m[1mGenerating EusLisp code from crazyflie_gazebo/UpdateParams.srv[0m
[ 72%] [34m[1mGenerating Lisp code from crazyflie_gazebo/UploadTrajectory.srv[0m
[ 72%] [34m[1mGenerating EusLisp code from crazyflie_gazebo/GoTo.srv[0m
[ 73%] [34m[1mGenerating Lisp code from crazyflie_gazebo/RemoveCrazyflie.srv[0m
[ 74%] [34m[1mGenerating C++ code from crazyflie_gazebo/LogBlock.msg[0m
[ 74%] [34m[1mGenerating Python code from SRV crazyflie_gazebo/Stop[0m
[ 74%] [34m[1mGenerating Lisp code from crazyflie_gazebo/Takeoff.srv[0m
[ 75%] [34m[1mGenerating EusLisp code from crazyflie_gazebo/SetGroupMask.srv[0m
[ 76%] [34m[1mGenerating Lisp code from crazyflie_gazebo/Land.srv[0m
[ 76%] [34m[1mGenerating C++ code from crazyflie_gazebo/Stop.srv[0m
[ 76%] [34m[1mGenerating Python code from SRV crazyflie_gazebo/StartTrajectory[0m
[ 76%] [34m[1mGenerating EusLisp code from crazyflie_gazebo/AddCrazyflie.srv[0m
[ 76%] Built target crazyflie_gazebo_generate_messages_lisp
[ 77%] [34m[1mGenerating EusLisp code from crazyflie_gazebo/UploadTrajectory.srv[0m
[ 78%] [34m[1mGenerating Python code from SRV crazyflie_gazebo/sendPacket[0m
[ 78%] [34m[1mGenerating Python code from SRV crazyflie_gazebo/UpdateParams[0m
[ 80%] [34m[1mGenerating EusLisp code from crazyflie_gazebo/Takeoff.srv[0m
[ 80%] [34m[1mGenerating EusLisp code from crazyflie_gazebo/RemoveCrazyflie.srv[0m
[ 81%] [34m[1mGenerating C++ code from crazyflie_gazebo/StartTrajectory.srv[0m
[ 81%] [34m[1mGenerating C++ code from crazyflie_gazebo/sendPacket.srv[0m
[ 82%] [34m[1mGenerating Python code from SRV crazyflie_gazebo/GoTo[0m
[ 83%] [34m[1mGenerating C++ code from crazyflie_gazebo/UpdateParams.srv[0m
[ 83%] [34m[1mGenerating EusLisp code from crazyflie_gazebo/Land.srv[0m
[ 83%] [34m[1mGenerating C++ code from crazyflie_gazebo/GoTo.srv[0m
[ 83%] [34m[1mGenerating EusLisp manifest code for crazyflie_gazebo[0m
[ 83%] [34m[1mGenerating Python code from SRV crazyflie_gazebo/SetGroupMask[0m
[ 83%] Built target rotors_gazebo_controller_interface
[ 83%] [34m[1mGenerating C++ code from crazyflie_gazebo/SetGroupMask.srv[0m
[ 84%] [32m[1mLinking CXX shared library /home/alsarmi/Dropbox/KTH_Classes/Project_Course_Drone/dd2419_ws/devel/.private/crazyflie_gazebo/lib/librotors_gazebo_wind_plugin.so[0m
[ 85%] [34m[1mGenerating C++ code from crazyflie_gazebo/AddCrazyflie.srv[0m
[ 86%] Built target rotors_gazebo_multirotor_base_plugin
[ 87%] [34m[1mGenerating Python code from SRV crazyflie_gazebo/AddCrazyflie[0m
[ 87%] [34m[1mGenerating Python code from SRV crazyflie_gazebo/UploadTrajectory[0m
[ 87%] [34m[1mGenerating C++ code from crazyflie_gazebo/UploadTrajectory.srv[0m
[ 87%] Built target rotors_gazebo_pressure_plugin
[ 88%] [34m[1mGenerating C++ code from crazyflie_gazebo/RemoveCrazyflie.srv[0m
[ 88%] Built target rotors_gazebo_lps_plugin
[ 88%] [34m[1mGenerating C++ code from crazyflie_gazebo/Takeoff.srv[0m
[ 89%] [34m[1mGenerating Python code from SRV crazyflie_gazebo/RemoveCrazyflie[0m
[ 89%] [34m[1mGenerating Python code from SRV crazyflie_gazebo/Takeoff[0m
[ 90%] [34m[1mGenerating C++ code from crazyflie_gazebo/Land.srv[0m
[ 90%] [34m[1mGenerating Python code from SRV crazyflie_gazebo/Land[0m
[ 90%] Built target rotors_gazebo_imu_plugin
[ 91%] [34m[1mGenerating Python msg __init__.py for crazyflie_gazebo[0m
[ 91%] [34m[1mGenerating Python srv __init__.py for crazyflie_gazebo[0m
[ 91%] Built target crazyflie_gazebo_generate_messages_cpp
[35m[1mScanning dependencies of target joy_control_node[0m
[35m[1mScanning dependencies of target test_cf[0m
[35m[1mScanning dependencies of target crazyflie_add[0m
[35m[1mScanning dependencies of target rotors_gazebo_ros_interface_plugin[0m
[35m[1mScanning dependencies of target crazyflie_ros[0m
[ 91%] [32mBuilding CXX object CMakeFiles/crazyflie_add.dir/src/crazyflie_ros/crazyflie_add.cpp.o[0m
[ 91%] [32mBuilding CXX object CMakeFiles/test_cf.dir/src/crazyflie_ros/test_cf.cpp.o[0m
[ 92%] [32mBuilding CXX object CMakeFiles/joy_control_node.dir/src/crazyflie_ros/joy_control.cpp.o[0m
[ 92%] [32mBuilding CXX object CMakeFiles/crazyflie_ros.dir/src/crazyflie_ros/CrazyflieROS.cpp.o[0m
[ 92%] Built target crazyflie_gazebo_generate_messages_py
[ 92%] Built target crazyflie_gazebo_generate_messages_eus
[ 92%] [32mBuilding CXX object CMakeFiles/rotors_gazebo_ros_interface_plugin.dir/src/gazebo_ros_interface_plugin.cpp.o[0m
[ 92%] Built target crazyflie_gazebo_generate_messages
[ 92%] Built target rotors_gazebo_wind_plugin
[ 93%] [32m[1mLinking CXX executable /home/alsarmi/Dropbox/KTH_Classes/Project_Course_Drone/dd2419_ws/devel/.private/crazyflie_gazebo/lib/crazyflie_gazebo/crazyflie_add[0m
[ 93%] Built target crazyflie_add
[ 94%] [32m[1mLinking CXX executable /home/alsarmi/Dropbox/KTH_Classes/Project_Course_Drone/dd2419_ws/devel/.private/crazyflie_gazebo/lib/crazyflie_gazebo/test_cf[0m
[ 94%] Built target test_cf
[ 94%] [32m[1mLinking CXX executable /home/alsarmi/Dropbox/KTH_Classes/Project_Course_Drone/dd2419_ws/devel/.private/crazyflie_gazebo/lib/crazyflie_gazebo/joy_control_node[0m
[ 94%] Built target joy_control_node
[ 95%] [32m[1mLinking CXX shared library /home/alsarmi/Dropbox/KTH_Classes/Project_Course_Drone/dd2419_ws/devel/.private/crazyflie_gazebo/lib/libgazebo_cfGhost_plugin.so[0m
[ 96%] [32m[1mLinking CXX shared library /home/alsarmi/Dropbox/KTH_Classes/Project_Course_Drone/dd2419_ws/devel/.private/crazyflie_gazebo/lib/libcrazyflie_ros.so[0m
[ 96%] Built target gazebo_cfGhost_plugin
[ 96%] Built target crazyflie_ros
[35m[1mScanning dependencies of target crazyflie_server[0m
[35m[1mScanning dependencies of target gazebo_cfHandler_plugin[0m
[ 96%] [32mBuilding CXX object CMakeFiles/crazyflie_server.dir/src/crazyflie_ros/crazyflie_server.cpp.o[0m
[ 96%] [32mBuilding CXX object CMakeFiles/gazebo_cfHandler_plugin.dir/src/gazebo_cfHandler_plugin.cpp.o[0m
[ 97%] [32m[1mLinking CXX executable /home/alsarmi/Dropbox/KTH_Classes/Project_Course_Drone/dd2419_ws/devel/.private/crazyflie_gazebo/lib/crazyflie_gazebo/crazyflie_server[0m
[ 97%] Built target crazyflie_server
[ 98%] [32m[1mLinking CXX shared library /home/alsarmi/Dropbox/KTH_Classes/Project_Course_Drone/dd2419_ws/devel/.private/crazyflie_gazebo/lib/librotors_gazebo_ros_interface_plugin.so[0m
[ 98%] Built target rotors_gazebo_ros_interface_plugin
[100%] [32m[1mLinking CXX shared library /home/alsarmi/Dropbox/KTH_Classes/Project_Course_Drone/dd2419_ws/devel/.private/crazyflie_gazebo/lib/libgazebo_cfHandler_plugin.so[0m
[100%] Built target gazebo_cfHandler_plugin
