[  0%] Built target std_msgs_generate_messages_cpp
[  0%] Built target _crazyflie_gazebo_generate_messages_check_deps_UpdateParams
[  0%] Built target _crazyflie_gazebo_generate_messages_check_deps_AddCrazyflie
[  0%] Built target _crazyflie_gazebo_generate_messages_check_deps_StartTrajectory
[  0%] Built target _crazyflie_gazebo_generate_messages_check_deps_Hover
[  0%] Built target _crazyflie_gazebo_generate_messages_check_deps_WindSpeed
[  0%] Built target _crazyflie_gazebo_generate_messages_check_deps_GoTo
[  0%] Built target _crazyflie_gazebo_generate_messages_check_deps_LogBlock
[  0%] Built target geometry_msgs_generate_messages_cpp
[  0%] Built target _crazyflie_gazebo_generate_messages_check_deps_TrajectoryPolynomialPiece
[  0%] Built target _crazyflie_gazebo_generate_messages_check_deps_FullState
[  0%] Built target _crazyflie_gazebo_generate_messages_check_deps_RemoveCrazyflie
[  0%] Built target _crazyflie_gazebo_generate_messages_check_deps_crtpPacket
[  0%] Built target _crazyflie_gazebo_generate_messages_check_deps_Land
[  0%] Built target _crazyflie_gazebo_generate_messages_check_deps_SetGroupMask
[  0%] Built target _crazyflie_gazebo_generate_messages_check_deps_GenericLogData
[  0%] Built target _crazyflie_gazebo_generate_messages_check_deps_UploadTrajectory
[ 31%] Built target mav_msgs
[ 31%] Built target _catkin_empty_exported_target
[ 31%] Built target _crazyflie_gazebo_generate_messages_check_deps_Takeoff
[ 33%] Built target crazyflie_comm
[ 33%] Built target _crazyflie_gazebo_generate_messages_check_deps_Position
[ 33%] Built target _crazyflie_gazebo_generate_messages_check_deps_sendPacket
[ 33%] Built target _crazyflie_gazebo_generate_messages_check_deps_Stop
[ 33%] Built target std_srvs_generate_messages_cpp
[ 33%] Built target rosgraph_msgs_generate_messages_cpp
[ 33%] Built target geometry_msgs_generate_messages_eus
[ 33%] Built target rosgraph_msgs_generate_messages_eus
[ 33%] Built target roscpp_generate_messages_cpp
[ 33%] Built target actionlib_generate_messages_cpp
[ 33%] Built target trajectory_msgs_generate_messages_cpp
[ 33%] Built target rosgraph_msgs_generate_messages_lisp
[ 33%] Built target sensor_msgs_generate_messages_nodejs
[ 33%] Built target mav_msgs_generate_messages_py
[ 33%] Built target sensor_msgs_generate_messages_eus
[ 33%] Built target trajectory_msgs_generate_messages_lisp
[ 33%] Built target actionlib_generate_messages_eus
[ 33%] Built target tf_generate_messages_py
[ 33%] Built target mav_msgs_generate_messages_eus
[ 33%] Built target trajectory_msgs_generate_messages_nodejs
[ 33%] Built target sensor_msgs_generate_messages_py
[ 33%] Built target geometry_msgs_generate_messages_lisp
[ 33%] Built target trajectory_msgs_generate_messages_eus
[ 33%] Built target roscpp_generate_messages_py
[ 33%] Built target sensor_msgs_generate_messages_lisp
[ 33%] Built target std_msgs_generate_messages_py
[ 33%] Built target rosgraph_msgs_generate_messages_nodejs
[ 33%] Built target trajectory_msgs_generate_messages_py
[ 33%] Built target roscpp_generate_messages_lisp
[ 33%] Built target geometry_msgs_generate_messages_nodejs
[ 33%] Built target std_srvs_generate_messages_eus
[ 33%] Built target actionlib_msgs_generate_messages_py
[ 33%] Built target geometry_msgs_generate_messages_py
[ 33%] Built target std_msgs_generate_messages_lisp
[ 33%] Built target sensor_msgs_generate_messages_cpp
[ 33%] Built target roscpp_generate_messages_nodejs
[ 33%] Built target std_msgs_generate_messages_nodejs
[ 33%] Built target std_srvs_generate_messages_lisp
[ 33%] Built target std_srvs_generate_messages_nodejs
[ 33%] Built target actionlib_generate_messages_lisp
[ 33%] Built target std_srvs_generate_messages_py
[ 33%] Built target actionlib_msgs_generate_messages_cpp
[ 33%] Built target tf_generate_messages_eus
[ 33%] Built target tf_generate_messages_nodejs
[ 33%] Built target mav_msgs_generate_messages_lisp
[ 33%] Built target tf_generate_messages_cpp
[ 33%] Built target tf_generate_messages_lisp
[ 33%] Built target actionlib_generate_messages_nodejs
[ 33%] Built target mav_msgs_generate_messages_nodejs
[ 33%] Built target roscpp_generate_messages_eus
[ 33%] Built target actionlib_msgs_generate_messages_eus
[ 33%] Built target rosgraph_msgs_generate_messages_py
[ 33%] Built target mav_msgs_generate_messages_cpp
[ 33%] Built target tf2_msgs_generate_messages_cpp
[ 33%] Built target tf2_msgs_generate_messages_eus
[ 33%] Built target tf2_msgs_generate_messages_lisp
[ 33%] Built target actionlib_generate_messages_py
[ 33%] Built target actionlib_msgs_generate_messages_lisp
[ 33%] Built target actionlib_msgs_generate_messages_nodejs
[ 33%] Built target tf2_msgs_generate_messages_py
[ 33%] Built target std_msgs_generate_messages_eus
[ 33%] Built target tf2_msgs_generate_messages_nodejs
[ 34%] Built target cfHandler_sf
[ 35%] Built target models_gen
[ 35%] Built target gazebo_sonar_plugin
[ 38%] Built target gazebo_gps_plugin
[ 46%] Built target crazyflie_gazebo_generate_messages_py
[ 46%] Built target crazyflie_sf
[ 54%] Built target crazyflie_gazebo_generate_messages_nodejs
[ 55%] Built target crazyflie_ghost_sf
[ 64%] Built target crazyflie_gazebo_generate_messages_eus
[ 64%] Built target LiftDragPlugin
[ 73%] Built target crazyflie_gazebo_generate_messages_lisp
[ 83%] Built target crazyflie_gazebo_generate_messages_cpp
[ 84%] Built target rotors_gazebo_controller_interface
[ 85%] Built target gazebo_cfGhost_plugin
[ 86%] Built target rotors_gazebo_pressure_plugin
[ 87%] Built target rotors_gazebo_lps_plugin
[ 87%] Built target rotors_gazebo_imu_plugin
[ 88%] Built target rotors_gazebo_odometry_plugin
[ 89%] Built target rotors_gazebo_multirotor_base_plugin
[ 90%] Built target rotors_gazebo_wind_plugin
[ 91%] Built target rotors_gazebo_motor_model
[ 91%] Built target crazyflie_gazebo_generate_messages
[ 92%] Built target crazyflie_ros
[ 93%] Built target crazyflie_add
[ 94%] Built target rotors_gazebo_magnetometer_plugin
[ 96%] Built target test_cf
[ 96%] Built target joy_control_node
[ 97%] Built target rotors_gazebo_ros_interface_plugin
[ 98%] Built target crazyflie_server
[100%] Built target gazebo_cfHandler_plugin
