[  0%] Built target _crazyflie_gazebo_generate_messages_check_deps_Hover
[  0%] Built target _crazyflie_gazebo_generate_messages_check_deps_LogBlock
[  0%] Built target _crazyflie_gazebo_generate_messages_check_deps_GoTo
[  0%] Built target _crazyflie_gazebo_generate_messages_check_deps_StartTrajectory
[  0%] Built target _crazyflie_gazebo_generate_messages_check_deps_AddCrazyflie
[  0%] Built target std_msgs_generate_messages_cpp
[  0%] Built target geometry_msgs_generate_messages_cpp
[  0%] Built target _crazyflie_gazebo_generate_messages_check_deps_UpdateParams
[  0%] Built target _crazyflie_gazebo_generate_messages_check_deps_TrajectoryPolynomialPiece
[  0%] Built target _crazyflie_gazebo_generate_messages_check_deps_FullState
[  0%] Built target _crazyflie_gazebo_generate_messages_check_deps_WindSpeed
[  0%] Built target _crazyflie_gazebo_generate_messages_check_deps_Land
[  0%] Built target _crazyflie_gazebo_generate_messages_check_deps_SetGroupMask
[  0%] Built target _crazyflie_gazebo_generate_messages_check_deps_crtpPacket
[  0%] Built target _crazyflie_gazebo_generate_messages_check_deps_RemoveCrazyflie
[  0%] Built target _crazyflie_gazebo_generate_messages_check_deps_UploadTrajectory
[  0%] Built target _crazyflie_gazebo_generate_messages_check_deps_GenericLogData
[  0%] Built target _crazyflie_gazebo_generate_messages_check_deps_Takeoff
[ 31%] Built target mav_msgs
[ 31%] Built target _crazyflie_gazebo_generate_messages_check_deps_Stop
[ 31%] Built target _crazyflie_gazebo_generate_messages_check_deps_sendPacket
[ 31%] Built target _crazyflie_gazebo_generate_messages_check_deps_Position
[ 31%] Built target _catkin_empty_exported_target
[ 31%] Built target rosgraph_msgs_generate_messages_eus
[ 33%] Built target crazyflie_comm
[ 33%] Built target std_srvs_generate_messages_cpp
[ 33%] Built target rosgraph_msgs_generate_messages_cpp
[ 33%] Built target geometry_msgs_generate_messages_eus
[ 33%] Built target roscpp_generate_messages_cpp
[ 33%] Built target sensor_msgs_generate_messages_nodejs
[ 33%] Built target actionlib_generate_messages_cpp
[ 33%] Built target mav_msgs_generate_messages_py
[ 33%] Built target rosgraph_msgs_generate_messages_lisp
[ 33%] Built target trajectory_msgs_generate_messages_cpp
[ 33%] Built target sensor_msgs_generate_messages_eus
[ 33%] Built target trajectory_msgs_generate_messages_lisp
[ 33%] Built target mav_msgs_generate_messages_eus
[ 33%] Built target actionlib_generate_messages_eus
[ 33%] Built target trajectory_msgs_generate_messages_nodejs
[ 33%] Built target sensor_msgs_generate_messages_py
[ 33%] Built target tf_generate_messages_py
[ 33%] Built target geometry_msgs_generate_messages_lisp
[ 33%] Built target trajectory_msgs_generate_messages_eus
[ 33%] Built target sensor_msgs_generate_messages_lisp
[ 33%] Built target std_msgs_generate_messages_py
[ 33%] Built target roscpp_generate_messages_py
[ 33%] Built target rosgraph_msgs_generate_messages_nodejs
[ 33%] Built target trajectory_msgs_generate_messages_py
[ 33%] Built target std_srvs_generate_messages_eus
[ 33%] Built target roscpp_generate_messages_lisp
[ 33%] Built target geometry_msgs_generate_messages_nodejs
[ 33%] Built target actionlib_msgs_generate_messages_py
[ 33%] Built target geometry_msgs_generate_messages_py
[ 33%] Built target sensor_msgs_generate_messages_cpp
[ 33%] Built target std_msgs_generate_messages_nodejs
[ 33%] Built target std_srvs_generate_messages_lisp
[ 33%] Built target std_srvs_generate_messages_nodejs
[ 33%] Built target std_msgs_generate_messages_lisp
[ 33%] Built target roscpp_generate_messages_nodejs
[ 33%] Built target std_srvs_generate_messages_py
[ 33%] Built target actionlib_generate_messages_lisp
[ 33%] Built target actionlib_msgs_generate_messages_cpp
[ 33%] Built target tf_generate_messages_eus
[ 33%] Built target tf_generate_messages_lisp
[ 33%] Built target mav_msgs_generate_messages_lisp
[ 33%] Built target tf_generate_messages_nodejs
[ 33%] Built target actionlib_generate_messages_nodejs
[ 33%] Built target mav_msgs_generate_messages_nodejs
[ 33%] Built target tf_generate_messages_cpp
[ 33%] Built target roscpp_generate_messages_eus
[ 33%] Built target rosgraph_msgs_generate_messages_py
[ 33%] Built target actionlib_msgs_generate_messages_lisp
[ 33%] Built target actionlib_msgs_generate_messages_eus
[ 33%] Built target mav_msgs_generate_messages_cpp
[ 33%] Built target actionlib_msgs_generate_messages_nodejs
[ 33%] Built target tf2_msgs_generate_messages_cpp
[ 33%] Built target tf2_msgs_generate_messages_lisp
[ 33%] Built target tf2_msgs_generate_messages_eus
[ 33%] Built target std_msgs_generate_messages_eus
[ 33%] Built target actionlib_generate_messages_py
[ 33%] Built target tf2_msgs_generate_messages_py
[ 33%] Built target tf2_msgs_generate_messages_nodejs
[ 33%] Built target crazyflie_sf
[ 34%] Built target cfHandler_sf
[ 44%] Built target crazyflie_gazebo_generate_messages_py
[ 46%] Built target crazyflie_ghost_sf
[ 46%] Built target models_gen
[ 63%] Built target crazyflie_gazebo_generate_messages_nodejs
[ 63%] Built target crazyflie_gazebo_generate_messages_eus
[ 64%] Built target gazebo_gps_plugin
[ 64%] Built target gazebo_sonar_plugin
[ 64%] Built target LiftDragPlugin
[ 73%] Built target crazyflie_gazebo_generate_messages_lisp
[ 83%] Built target crazyflie_gazebo_generate_messages_cpp
[ 83%] Built target rotors_gazebo_lps_plugin
[ 84%] Built target rotors_gazebo_controller_interface
[ 85%] Built target gazebo_cfGhost_plugin
[ 87%] Built target rotors_gazebo_imu_plugin
[ 87%] Built target rotors_gazebo_pressure_plugin
[ 88%] Built target crazyflie_gazebo_generate_messages
[ 88%] Built target rotors_gazebo_multirotor_base_plugin
[ 89%] Built target rotors_gazebo_wind_plugin
[35m[1mScanning dependencies of target test_cf[0m
[ 90%] Built target rotors_gazebo_magnetometer_plugin
[ 91%] Built target rotors_gazebo_motor_model
[ 92%] Built target rotors_gazebo_odometry_plugin
[ 93%] Built target joy_control_node
[ 94%] Built target crazyflie_add
[ 95%] Built target crazyflie_ros
[ 95%] [32mBuilding CXX object CMakeFiles/test_cf.dir/src/crazyflie_ros/test_cf.cpp.o[0m
[ 96%] Built target rotors_gazebo_ros_interface_plugin
[35m[1mScanning dependencies of target gazebo_cfHandler_plugin[0m
[ 97%] Built target crazyflie_server
[ 97%] [32mBuilding CXX object CMakeFiles/gazebo_cfHandler_plugin.dir/src/gazebo_cfHandler_plugin.cpp.o[0m
[ 98%] [32m[1mLinking CXX executable /home/alsarmi/Dropbox/KTH_Classes/Project_Course_Drone/dd2419_ws/devel/.private/crazyflie_gazebo/lib/crazyflie_gazebo/test_cf[0m
[ 98%] Built target test_cf
[100%] [32m[1mLinking CXX shared library /home/alsarmi/Dropbox/KTH_Classes/Project_Course_Drone/dd2419_ws/devel/.private/crazyflie_gazebo/lib/libgazebo_cfHandler_plugin.so[0m
[100%] Built target gazebo_cfHandler_plugin
