Linked: (/home/alsarmi/Dropbox/KTH_Classes/Project_Course_Drone/dd2419_ws/devel/.private/milestone2/share/gennodejs/ros/milestone2/_index.js, /home/alsarmi/Dropbox/KTH_Classes/Project_Course_Drone/dd2419_ws/devel/share/gennodejs/ros/milestone2/_index.js)
Linked: (/home/alsarmi/Dropbox/KTH_Classes/Project_Course_Drone/dd2419_ws/devel/.private/milestone2/share/gennodejs/ros/milestone2/srv/pathPlanning.js, /home/alsarmi/Dropbox/KTH_Classes/Project_Course_Drone/dd2419_ws/devel/share/gennodejs/ros/milestone2/srv/pathPlanning.js)
Linked: (/home/alsarmi/Dropbox/KTH_Classes/Project_Course_Drone/dd2419_ws/devel/.private/milestone2/share/gennodejs/ros/milestone2/srv/_index.js, /home/alsarmi/Dropbox/KTH_Classes/Project_Course_Drone/dd2419_ws/devel/share/gennodejs/ros/milestone2/srv/_index.js)
Linked: (/home/alsarmi/Dropbox/KTH_Classes/Project_Course_Drone/dd2419_ws/devel/.private/milestone2/share/milestone2/cmake/milestone2-msg-paths.cmake, /home/alsarmi/Dropbox/KTH_Classes/Project_Course_Drone/dd2419_ws/devel/share/milestone2/cmake/milestone2-msg-paths.cmake)
Linked: (/home/alsarmi/Dropbox/KTH_Classes/Project_Course_Drone/dd2419_ws/devel/.private/milestone2/share/milestone2/cmake/milestone2-msg-extras.cmake, /home/alsarmi/Dropbox/KTH_Classes/Project_Course_Drone/dd2419_ws/devel/share/milestone2/cmake/milestone2-msg-extras.cmake)
Linked: (/home/alsarmi/Dropbox/KTH_Classes/Project_Course_Drone/dd2419_ws/devel/.private/milestone2/share/milestone2/cmake/milestone2Config-version.cmake, /home/alsarmi/Dropbox/KTH_Classes/Project_Course_Drone/dd2419_ws/devel/share/milestone2/cmake/milestone2Config-version.cmake)
Linked: (/home/alsarmi/Dropbox/KTH_Classes/Project_Course_Drone/dd2419_ws/devel/.private/milestone2/share/milestone2/cmake/milestone2Config.cmake, /home/alsarmi/Dropbox/KTH_Classes/Project_Course_Drone/dd2419_ws/devel/share/milestone2/cmake/milestone2Config.cmake)
Linked: (/home/alsarmi/Dropbox/KTH_Classes/Project_Course_Drone/dd2419_ws/devel/.private/milestone2/share/roseus/ros/milestone2/manifest.l, /home/alsarmi/Dropbox/KTH_Classes/Project_Course_Drone/dd2419_ws/devel/share/roseus/ros/milestone2/manifest.l)
Linked: (/home/alsarmi/Dropbox/KTH_Classes/Project_Course_Drone/dd2419_ws/devel/.private/milestone2/share/roseus/ros/milestone2/srv/pathPlanning.l, /home/alsarmi/Dropbox/KTH_Classes/Project_Course_Drone/dd2419_ws/devel/share/roseus/ros/milestone2/srv/pathPlanning.l)
Linked: (/home/alsarmi/Dropbox/KTH_Classes/Project_Course_Drone/dd2419_ws/devel/.private/milestone2/share/common-lisp/ros/milestone2/srv/milestone2-srv.asd, /home/alsarmi/Dropbox/KTH_Classes/Project_Course_Drone/dd2419_ws/devel/share/common-lisp/ros/milestone2/srv/milestone2-srv.asd)
Linked: (/home/alsarmi/Dropbox/KTH_Classes/Project_Course_Drone/dd2419_ws/devel/.private/milestone2/share/common-lisp/ros/milestone2/srv/_package_pathPlanning.lisp, /home/alsarmi/Dropbox/KTH_Classes/Project_Course_Drone/dd2419_ws/devel/share/common-lisp/ros/milestone2/srv/_package_pathPlanning.lisp)
Linked: (/home/alsarmi/Dropbox/KTH_Classes/Project_Course_Drone/dd2419_ws/devel/.private/milestone2/share/common-lisp/ros/milestone2/srv/_package.lisp, /home/alsarmi/Dropbox/KTH_Classes/Project_Course_Drone/dd2419_ws/devel/share/common-lisp/ros/milestone2/srv/_package.lisp)
Linked: (/home/alsarmi/Dropbox/KTH_Classes/Project_Course_Drone/dd2419_ws/devel/.private/milestone2/share/common-lisp/ros/milestone2/srv/pathPlanning.lisp, /home/alsarmi/Dropbox/KTH_Classes/Project_Course_Drone/dd2419_ws/devel/share/common-lisp/ros/milestone2/srv/pathPlanning.lisp)
Linked: (/home/alsarmi/Dropbox/KTH_Classes/Project_Course_Drone/dd2419_ws/devel/.private/milestone2/include/milestone2/pathPlanningRequest.h, /home/alsarmi/Dropbox/KTH_Classes/Project_Course_Drone/dd2419_ws/devel/include/milestone2/pathPlanningRequest.h)
Linked: (/home/alsarmi/Dropbox/KTH_Classes/Project_Course_Drone/dd2419_ws/devel/.private/milestone2/include/milestone2/pathPlanning.h, /home/alsarmi/Dropbox/KTH_Classes/Project_Course_Drone/dd2419_ws/devel/include/milestone2/pathPlanning.h)
Linked: (/home/alsarmi/Dropbox/KTH_Classes/Project_Course_Drone/dd2419_ws/devel/.private/milestone2/include/milestone2/pathPlanningResponse.h, /home/alsarmi/Dropbox/KTH_Classes/Project_Course_Drone/dd2419_ws/devel/include/milestone2/pathPlanningResponse.h)
Linked: (/home/alsarmi/Dropbox/KTH_Classes/Project_Course_Drone/dd2419_ws/devel/.private/milestone2/lib/python2.7/dist-packages/milestone2/__init__.py, /home/alsarmi/Dropbox/KTH_Classes/Project_Course_Drone/dd2419_ws/devel/lib/python2.7/dist-packages/milestone2/__init__.py)
Linked: (/home/alsarmi/Dropbox/KTH_Classes/Project_Course_Drone/dd2419_ws/devel/.private/milestone2/lib/python2.7/dist-packages/milestone2/srv/_pathPlanning.py, /home/alsarmi/Dropbox/KTH_Classes/Project_Course_Drone/dd2419_ws/devel/lib/python2.7/dist-packages/milestone2/srv/_pathPlanning.py)
Linked: (/home/alsarmi/Dropbox/KTH_Classes/Project_Course_Drone/dd2419_ws/devel/.private/milestone2/lib/python2.7/dist-packages/milestone2/srv/__init__.py, /home/alsarmi/Dropbox/KTH_Classes/Project_Course_Drone/dd2419_ws/devel/lib/python2.7/dist-packages/milestone2/srv/__init__.py)
Linked: (/home/alsarmi/Dropbox/KTH_Classes/Project_Course_Drone/dd2419_ws/devel/.private/milestone2/lib/pkgconfig/milestone2.pc, /home/alsarmi/Dropbox/KTH_Classes/Project_Course_Drone/dd2419_ws/devel/lib/pkgconfig/milestone2.pc)
