[  0%] Built target nav_msgs_generate_messages_eus
[  0%] Built target geometry_msgs_generate_messages_lisp
[  0%] Built target geometry_msgs_generate_messages_eus
[  0%] Built target actionlib_msgs_generate_messages_eus
[  0%] Built target std_msgs_generate_messages_lisp
[  0%] Built target std_msgs_generate_messages_nodejs
[  0%] Built target actionlib_msgs_generate_messages_lisp
[  0%] Built target std_msgs_generate_messages_eus
[  0%] Built target geometry_msgs_generate_messages_nodejs
[  0%] Built target nav_msgs_generate_messages_nodejs
[  0%] Built target actionlib_msgs_generate_messages_py
[  0%] Built target actionlib_msgs_generate_messages_nodejs
[  0%] Built target std_msgs_generate_messages_cpp
[  0%] Built target nav_msgs_generate_messages_lisp
[  0%] Built target geometry_msgs_generate_messages_cpp
[  0%] Built target geometry_msgs_generate_messages_py
[  0%] Built target nav_msgs_generate_messages_py
[  0%] Built target std_msgs_generate_messages_py
[  0%] Built target _milestone2_generate_messages_check_deps_pathPlanning
[  0%] Built target actionlib_msgs_generate_messages_cpp
[  0%] Built target nav_msgs_generate_messages_cpp
[ 28%] [34m[1mGenerating EusLisp code from milestone2/pathPlanning.srv[0m
[ 28%] [34m[1mGenerating Python code from SRV milestone2/pathPlanning[0m
[ 57%] [34m[1mGenerating Lisp code from milestone2/pathPlanning.srv[0m
[ 57%] [34m[1mGenerating Javascript code from milestone2/pathPlanning.srv[0m
[ 71%] [34m[1mGenerating C++ code from milestone2/pathPlanning.srv[0m
[ 71%] Built target milestone2_generate_messages_nodejs
[ 71%] Built target milestone2_generate_messages_lisp
[ 85%] Built target milestone2_generate_messages_eus
[100%] [34m[1mGenerating Python srv __init__.py for milestone2[0m
[100%] Built target milestone2_generate_messages_cpp
[100%] Built target milestone2_generate_messages_py
[100%] Built target milestone2_generate_messages
