Symlinking /home/alsarmi/Dropbox/KTH_Classes/Project_Course_Drone/dd2419_ws/devel/share/gennodejs/ros/milestone2/_index.js
Symlinking /home/alsarmi/Dropbox/KTH_Classes/Project_Course_Drone/dd2419_ws/devel/share/gennodejs/ros/milestone2/srv/pathPlanning.js
Symlinking /home/alsarmi/Dropbox/KTH_Classes/Project_Course_Drone/dd2419_ws/devel/share/gennodejs/ros/milestone2/srv/_index.js
Symlinking /home/alsarmi/Dropbox/KTH_Classes/Project_Course_Drone/dd2419_ws/devel/share/milestone2/cmake/milestone2-msg-paths.cmake
Symlinking /home/alsarmi/Dropbox/KTH_Classes/Project_Course_Drone/dd2419_ws/devel/share/milestone2/cmake/milestone2-msg-extras.cmake
Linked: (/home/alsarmi/Dropbox/KTH_Classes/Project_Course_Drone/dd2419_ws/devel/.private/milestone2/share/milestone2/cmake/milestone2Config-version.cmake, /home/alsarmi/Dropbox/KTH_Classes/Project_Course_Drone/dd2419_ws/devel/share/milestone2/cmake/milestone2Config-version.cmake)
Linked: (/home/alsarmi/Dropbox/KTH_Classes/Project_Course_Drone/dd2419_ws/devel/.private/milestone2/share/milestone2/cmake/milestone2Config.cmake, /home/alsarmi/Dropbox/KTH_Classes/Project_Course_Drone/dd2419_ws/devel/share/milestone2/cmake/milestone2Config.cmake)
Symlinking /home/alsarmi/Dropbox/KTH_Classes/Project_Course_Drone/dd2419_ws/devel/share/roseus/ros/milestone2/manifest.l
Symlinking /home/alsarmi/Dropbox/KTH_Classes/Project_Course_Drone/dd2419_ws/devel/share/roseus/ros/milestone2/srv/pathPlanning.l
Symlinking /home/alsarmi/Dropbox/KTH_Classes/Project_Course_Drone/dd2419_ws/devel/share/common-lisp/ros/milestone2/srv/milestone2-srv.asd
Symlinking /home/alsarmi/Dropbox/KTH_Classes/Project_Course_Drone/dd2419_ws/devel/share/common-lisp/ros/milestone2/srv/_package_pathPlanning.lisp
Symlinking /home/alsarmi/Dropbox/KTH_Classes/Project_Course_Drone/dd2419_ws/devel/share/common-lisp/ros/milestone2/srv/_package.lisp
Symlinking /home/alsarmi/Dropbox/KTH_Classes/Project_Course_Drone/dd2419_ws/devel/share/common-lisp/ros/milestone2/srv/pathPlanning.lisp
Symlinking /home/alsarmi/Dropbox/KTH_Classes/Project_Course_Drone/dd2419_ws/devel/include/milestone2/pathPlanningRequest.h
Symlinking /home/alsarmi/Dropbox/KTH_Classes/Project_Course_Drone/dd2419_ws/devel/include/milestone2/pathPlanning.h
Symlinking /home/alsarmi/Dropbox/KTH_Classes/Project_Course_Drone/dd2419_ws/devel/include/milestone2/pathPlanningResponse.h
Symlinking /home/alsarmi/Dropbox/KTH_Classes/Project_Course_Drone/dd2419_ws/devel/lib/python2.7/dist-packages/milestone2/__init__.py
Symlinking /home/alsarmi/Dropbox/KTH_Classes/Project_Course_Drone/dd2419_ws/devel/lib/python2.7/dist-packages/milestone2/srv/_pathPlanning.py
Symlinking /home/alsarmi/Dropbox/KTH_Classes/Project_Course_Drone/dd2419_ws/devel/lib/python2.7/dist-packages/milestone2/srv/__init__.py
Linked: (/home/alsarmi/Dropbox/KTH_Classes/Project_Course_Drone/dd2419_ws/devel/.private/milestone2/lib/pkgconfig/milestone2.pc, /home/alsarmi/Dropbox/KTH_Classes/Project_Course_Drone/dd2419_ws/devel/lib/pkgconfig/milestone2.pc)
