Determining if the pthread_create exist failed with the following output:
Change Dir: /home/alsarmi/Dropbox/KTH_Classes/Project_Course_Drone/dd2419_ws/build/dd2419_launch/CMakeFiles/CMakeTmp

Run Build Command:"/usr/bin/make" "cmTC_257b0/fast"
/usr/bin/make -f CMakeFiles/cmTC_257b0.dir/build.make CMakeFiles/cmTC_257b0.dir/build
make[1]: Entering directory '/home/alsarmi/Dropbox/KTH_Classes/Project_Course_Drone/dd2419_ws/build/dd2419_launch/CMakeFiles/CMakeTmp'
Building C object CMakeFiles/cmTC_257b0.dir/CheckSymbolExists.c.o
/usr/bin/cc    -o CMakeFiles/cmTC_257b0.dir/CheckSymbolExists.c.o   -c /home/alsarmi/Dropbox/KTH_Classes/Project_Course_Drone/dd2419_ws/build/dd2419_launch/CMakeFiles/CMakeTmp/CheckSymbolExists.c
Linking C executable cmTC_257b0
/usr/bin/cmake -E cmake_link_script CMakeFiles/cmTC_257b0.dir/link.txt --verbose=1
/usr/bin/cc      -rdynamic CMakeFiles/cmTC_257b0.dir/CheckSymbolExists.c.o  -o cmTC_257b0 
CMakeFiles/cmTC_257b0.dir/CheckSymbolExists.c.o: In function `main':
CheckSymbolExists.c:(.text+0x1b): undefined reference to `pthread_create'
collect2: error: ld returned 1 exit status
CMakeFiles/cmTC_257b0.dir/build.make:97: recipe for target 'cmTC_257b0' failed
make[1]: *** [cmTC_257b0] Error 1
make[1]: Leaving directory '/home/alsarmi/Dropbox/KTH_Classes/Project_Course_Drone/dd2419_ws/build/dd2419_launch/CMakeFiles/CMakeTmp'
Makefile:126: recipe for target 'cmTC_257b0/fast' failed
make: *** [cmTC_257b0/fast] Error 2

File /home/alsarmi/Dropbox/KTH_Classes/Project_Course_Drone/dd2419_ws/build/dd2419_launch/CMakeFiles/CMakeTmp/CheckSymbolExists.c:
/* */
#include <pthread.h>

int main(int argc, char** argv)
{
  (void)argv;
#ifndef pthread_create
  return ((int*)(&pthread_create))[argc];
#else
  (void)argc;
  return 0;
#endif
}

Determining if the function pthread_create exists in the pthreads failed with the following output:
Change Dir: /home/alsarmi/Dropbox/KTH_Classes/Project_Course_Drone/dd2419_ws/build/dd2419_launch/CMakeFiles/CMakeTmp

Run Build Command:"/usr/bin/make" "cmTC_4dd18/fast"
/usr/bin/make -f CMakeFiles/cmTC_4dd18.dir/build.make CMakeFiles/cmTC_4dd18.dir/build
make[1]: Entering directory '/home/alsarmi/Dropbox/KTH_Classes/Project_Course_Drone/dd2419_ws/build/dd2419_launch/CMakeFiles/CMakeTmp'
Building C object CMakeFiles/cmTC_4dd18.dir/CheckFunctionExists.c.o
/usr/bin/cc   -DCHECK_FUNCTION_EXISTS=pthread_create   -o CMakeFiles/cmTC_4dd18.dir/CheckFunctionExists.c.o   -c /usr/share/cmake-3.10/Modules/CheckFunctionExists.c
Linking C executable cmTC_4dd18
/usr/bin/cmake -E cmake_link_script CMakeFiles/cmTC_4dd18.dir/link.txt --verbose=1
/usr/bin/cc  -DCHECK_FUNCTION_EXISTS=pthread_create    -rdynamic CMakeFiles/cmTC_4dd18.dir/CheckFunctionExists.c.o  -o cmTC_4dd18 -lpthreads 
/usr/bin/ld: cannot find -lpthreads
collect2: error: ld returned 1 exit status
CMakeFiles/cmTC_4dd18.dir/build.make:97: recipe for target 'cmTC_4dd18' failed
make[1]: *** [cmTC_4dd18] Error 1
make[1]: Leaving directory '/home/alsarmi/Dropbox/KTH_Classes/Project_Course_Drone/dd2419_ws/build/dd2419_launch/CMakeFiles/CMakeTmp'
Makefile:126: recipe for target 'cmTC_4dd18/fast' failed
make: *** [cmTC_4dd18/fast] Error 2


