Linked: (/home/alsarmi/Dropbox/KTH_Classes/Project_Course_Drone/dd2419_ws/devel/.private/crazyflie_driver/share/gennodejs/ros/crazyflie_driver/_index.js, /home/alsarmi/Dropbox/KTH_Classes/Project_Course_Drone/dd2419_ws/devel/share/gennodejs/ros/crazyflie_driver/_index.js)
Linked: (/home/alsarmi/Dropbox/KTH_Classes/Project_Course_Drone/dd2419_ws/devel/.private/crazyflie_driver/share/gennodejs/ros/crazyflie_driver/srv/StartTrajectory.js, /home/alsarmi/Dropbox/KTH_Classes/Project_Course_Drone/dd2419_ws/devel/share/gennodejs/ros/crazyflie_driver/srv/StartTrajectory.js)
Linked: (/home/alsarmi/Dropbox/KTH_Classes/Project_Course_Drone/dd2419_ws/devel/.private/crazyflie_driver/share/gennodejs/ros/crazyflie_driver/srv/Stop.js, /home/alsarmi/Dropbox/KTH_Classes/Project_Course_Drone/dd2419_ws/devel/share/gennodejs/ros/crazyflie_driver/srv/Stop.js)
Linked: (/home/alsarmi/Dropbox/KTH_Classes/Project_Course_Drone/dd2419_ws/devel/.private/crazyflie_driver/share/gennodejs/ros/crazyflie_driver/srv/Takeoff.js, /home/alsarmi/Dropbox/KTH_Classes/Project_Course_Drone/dd2419_ws/devel/share/gennodejs/ros/crazyflie_driver/srv/Takeoff.js)
Linked: (/home/alsarmi/Dropbox/KTH_Classes/Project_Course_Drone/dd2419_ws/devel/.private/crazyflie_driver/share/gennodejs/ros/crazyflie_driver/srv/UpdateParams.js, /home/alsarmi/Dropbox/KTH_Classes/Project_Course_Drone/dd2419_ws/devel/share/gennodejs/ros/crazyflie_driver/srv/UpdateParams.js)
Linked: (/home/alsarmi/Dropbox/KTH_Classes/Project_Course_Drone/dd2419_ws/devel/.private/crazyflie_driver/share/gennodejs/ros/crazyflie_driver/srv/RemoveCrazyflie.js, /home/alsarmi/Dropbox/KTH_Classes/Project_Course_Drone/dd2419_ws/devel/share/gennodejs/ros/crazyflie_driver/srv/RemoveCrazyflie.js)
Linked: (/home/alsarmi/Dropbox/KTH_Classes/Project_Course_Drone/dd2419_ws/devel/.private/crazyflie_driver/share/gennodejs/ros/crazyflie_driver/srv/SetGroupMask.js, /home/alsarmi/Dropbox/KTH_Classes/Project_Course_Drone/dd2419_ws/devel/share/gennodejs/ros/crazyflie_driver/srv/SetGroupMask.js)
Linked: (/home/alsarmi/Dropbox/KTH_Classes/Project_Course_Drone/dd2419_ws/devel/.private/crazyflie_driver/share/gennodejs/ros/crazyflie_driver/srv/UploadTrajectory.js, /home/alsarmi/Dropbox/KTH_Classes/Project_Course_Drone/dd2419_ws/devel/share/gennodejs/ros/crazyflie_driver/srv/UploadTrajectory.js)
Linked: (/home/alsarmi/Dropbox/KTH_Classes/Project_Course_Drone/dd2419_ws/devel/.private/crazyflie_driver/share/gennodejs/ros/crazyflie_driver/srv/AddCrazyflie.js, /home/alsarmi/Dropbox/KTH_Classes/Project_Course_Drone/dd2419_ws/devel/share/gennodejs/ros/crazyflie_driver/srv/AddCrazyflie.js)
Linked: (/home/alsarmi/Dropbox/KTH_Classes/Project_Course_Drone/dd2419_ws/devel/.private/crazyflie_driver/share/gennodejs/ros/crazyflie_driver/srv/_index.js, /home/alsarmi/Dropbox/KTH_Classes/Project_Course_Drone/dd2419_ws/devel/share/gennodejs/ros/crazyflie_driver/srv/_index.js)
Linked: (/home/alsarmi/Dropbox/KTH_Classes/Project_Course_Drone/dd2419_ws/devel/.private/crazyflie_driver/share/gennodejs/ros/crazyflie_driver/srv/sendPacket.js, /home/alsarmi/Dropbox/KTH_Classes/Project_Course_Drone/dd2419_ws/devel/share/gennodejs/ros/crazyflie_driver/srv/sendPacket.js)
Linked: (/home/alsarmi/Dropbox/KTH_Classes/Project_Course_Drone/dd2419_ws/devel/.private/crazyflie_driver/share/gennodejs/ros/crazyflie_driver/srv/Land.js, /home/alsarmi/Dropbox/KTH_Classes/Project_Course_Drone/dd2419_ws/devel/share/gennodejs/ros/crazyflie_driver/srv/Land.js)
Linked: (/home/alsarmi/Dropbox/KTH_Classes/Project_Course_Drone/dd2419_ws/devel/.private/crazyflie_driver/share/gennodejs/ros/crazyflie_driver/srv/GoTo.js, /home/alsarmi/Dropbox/KTH_Classes/Project_Course_Drone/dd2419_ws/devel/share/gennodejs/ros/crazyflie_driver/srv/GoTo.js)
Linked: (/home/alsarmi/Dropbox/KTH_Classes/Project_Course_Drone/dd2419_ws/devel/.private/crazyflie_driver/share/gennodejs/ros/crazyflie_driver/msg/TrajectoryPolynomialPiece.js, /home/alsarmi/Dropbox/KTH_Classes/Project_Course_Drone/dd2419_ws/devel/share/gennodejs/ros/crazyflie_driver/msg/TrajectoryPolynomialPiece.js)
Linked: (/home/alsarmi/Dropbox/KTH_Classes/Project_Course_Drone/dd2419_ws/devel/.private/crazyflie_driver/share/gennodejs/ros/crazyflie_driver/msg/crtpPacket.js, /home/alsarmi/Dropbox/KTH_Classes/Project_Course_Drone/dd2419_ws/devel/share/gennodejs/ros/crazyflie_driver/msg/crtpPacket.js)
Linked: (/home/alsarmi/Dropbox/KTH_Classes/Project_Course_Drone/dd2419_ws/devel/.private/crazyflie_driver/share/gennodejs/ros/crazyflie_driver/msg/Hover.js, /home/alsarmi/Dropbox/KTH_Classes/Project_Course_Drone/dd2419_ws/devel/share/gennodejs/ros/crazyflie_driver/msg/Hover.js)
Linked: (/home/alsarmi/Dropbox/KTH_Classes/Project_Course_Drone/dd2419_ws/devel/.private/crazyflie_driver/share/gennodejs/ros/crazyflie_driver/msg/_index.js, /home/alsarmi/Dropbox/KTH_Classes/Project_Course_Drone/dd2419_ws/devel/share/gennodejs/ros/crazyflie_driver/msg/_index.js)
Linked: (/home/alsarmi/Dropbox/KTH_Classes/Project_Course_Drone/dd2419_ws/devel/.private/crazyflie_driver/share/gennodejs/ros/crazyflie_driver/msg/FullState.js, /home/alsarmi/Dropbox/KTH_Classes/Project_Course_Drone/dd2419_ws/devel/share/gennodejs/ros/crazyflie_driver/msg/FullState.js)
Linked: (/home/alsarmi/Dropbox/KTH_Classes/Project_Course_Drone/dd2419_ws/devel/.private/crazyflie_driver/share/gennodejs/ros/crazyflie_driver/msg/LogBlock.js, /home/alsarmi/Dropbox/KTH_Classes/Project_Course_Drone/dd2419_ws/devel/share/gennodejs/ros/crazyflie_driver/msg/LogBlock.js)
Linked: (/home/alsarmi/Dropbox/KTH_Classes/Project_Course_Drone/dd2419_ws/devel/.private/crazyflie_driver/share/gennodejs/ros/crazyflie_driver/msg/Position.js, /home/alsarmi/Dropbox/KTH_Classes/Project_Course_Drone/dd2419_ws/devel/share/gennodejs/ros/crazyflie_driver/msg/Position.js)
Linked: (/home/alsarmi/Dropbox/KTH_Classes/Project_Course_Drone/dd2419_ws/devel/.private/crazyflie_driver/share/gennodejs/ros/crazyflie_driver/msg/GenericLogData.js, /home/alsarmi/Dropbox/KTH_Classes/Project_Course_Drone/dd2419_ws/devel/share/gennodejs/ros/crazyflie_driver/msg/GenericLogData.js)
Linked: (/home/alsarmi/Dropbox/KTH_Classes/Project_Course_Drone/dd2419_ws/devel/.private/crazyflie_driver/share/crazyflie_driver/cmake/crazyflie_driverConfig-version.cmake, /home/alsarmi/Dropbox/KTH_Classes/Project_Course_Drone/dd2419_ws/devel/share/crazyflie_driver/cmake/crazyflie_driverConfig-version.cmake)
Linked: (/home/alsarmi/Dropbox/KTH_Classes/Project_Course_Drone/dd2419_ws/devel/.private/crazyflie_driver/share/crazyflie_driver/cmake/crazyflie_driver-msg-paths.cmake, /home/alsarmi/Dropbox/KTH_Classes/Project_Course_Drone/dd2419_ws/devel/share/crazyflie_driver/cmake/crazyflie_driver-msg-paths.cmake)
Linked: (/home/alsarmi/Dropbox/KTH_Classes/Project_Course_Drone/dd2419_ws/devel/.private/crazyflie_driver/share/crazyflie_driver/cmake/crazyflie_driverConfig.cmake, /home/alsarmi/Dropbox/KTH_Classes/Project_Course_Drone/dd2419_ws/devel/share/crazyflie_driver/cmake/crazyflie_driverConfig.cmake)
Linked: (/home/alsarmi/Dropbox/KTH_Classes/Project_Course_Drone/dd2419_ws/devel/.private/crazyflie_driver/share/crazyflie_driver/cmake/crazyflie_driver-msg-extras.cmake, /home/alsarmi/Dropbox/KTH_Classes/Project_Course_Drone/dd2419_ws/devel/share/crazyflie_driver/cmake/crazyflie_driver-msg-extras.cmake)
Linked: (/home/alsarmi/Dropbox/KTH_Classes/Project_Course_Drone/dd2419_ws/devel/.private/crazyflie_driver/share/roseus/ros/crazyflie_driver/manifest.l, /home/alsarmi/Dropbox/KTH_Classes/Project_Course_Drone/dd2419_ws/devel/share/roseus/ros/crazyflie_driver/manifest.l)
Linked: (/home/alsarmi/Dropbox/KTH_Classes/Project_Course_Drone/dd2419_ws/devel/.private/crazyflie_driver/share/roseus/ros/crazyflie_driver/srv/Stop.l, /home/alsarmi/Dropbox/KTH_Classes/Project_Course_Drone/dd2419_ws/devel/share/roseus/ros/crazyflie_driver/srv/Stop.l)
Linked: (/home/alsarmi/Dropbox/KTH_Classes/Project_Course_Drone/dd2419_ws/devel/.private/crazyflie_driver/share/roseus/ros/crazyflie_driver/srv/Takeoff.l, /home/alsarmi/Dropbox/KTH_Classes/Project_Course_Drone/dd2419_ws/devel/share/roseus/ros/crazyflie_driver/srv/Takeoff.l)
Linked: (/home/alsarmi/Dropbox/KTH_Classes/Project_Course_Drone/dd2419_ws/devel/.private/crazyflie_driver/share/roseus/ros/crazyflie_driver/srv/Land.l, /home/alsarmi/Dropbox/KTH_Classes/Project_Course_Drone/dd2419_ws/devel/share/roseus/ros/crazyflie_driver/srv/Land.l)
Linked: (/home/alsarmi/Dropbox/KTH_Classes/Project_Course_Drone/dd2419_ws/devel/.private/crazyflie_driver/share/roseus/ros/crazyflie_driver/srv/UploadTrajectory.l, /home/alsarmi/Dropbox/KTH_Classes/Project_Course_Drone/dd2419_ws/devel/share/roseus/ros/crazyflie_driver/srv/UploadTrajectory.l)
Linked: (/home/alsarmi/Dropbox/KTH_Classes/Project_Course_Drone/dd2419_ws/devel/.private/crazyflie_driver/share/roseus/ros/crazyflie_driver/srv/StartTrajectory.l, /home/alsarmi/Dropbox/KTH_Classes/Project_Course_Drone/dd2419_ws/devel/share/roseus/ros/crazyflie_driver/srv/StartTrajectory.l)
Linked: (/home/alsarmi/Dropbox/KTH_Classes/Project_Course_Drone/dd2419_ws/devel/.private/crazyflie_driver/share/roseus/ros/crazyflie_driver/srv/AddCrazyflie.l, /home/alsarmi/Dropbox/KTH_Classes/Project_Course_Drone/dd2419_ws/devel/share/roseus/ros/crazyflie_driver/srv/AddCrazyflie.l)
Linked: (/home/alsarmi/Dropbox/KTH_Classes/Project_Course_Drone/dd2419_ws/devel/.private/crazyflie_driver/share/roseus/ros/crazyflie_driver/srv/SetGroupMask.l, /home/alsarmi/Dropbox/KTH_Classes/Project_Course_Drone/dd2419_ws/devel/share/roseus/ros/crazyflie_driver/srv/SetGroupMask.l)
Linked: (/home/alsarmi/Dropbox/KTH_Classes/Project_Course_Drone/dd2419_ws/devel/.private/crazyflie_driver/share/roseus/ros/crazyflie_driver/srv/GoTo.l, /home/alsarmi/Dropbox/KTH_Classes/Project_Course_Drone/dd2419_ws/devel/share/roseus/ros/crazyflie_driver/srv/GoTo.l)
Linked: (/home/alsarmi/Dropbox/KTH_Classes/Project_Course_Drone/dd2419_ws/devel/.private/crazyflie_driver/share/roseus/ros/crazyflie_driver/srv/sendPacket.l, /home/alsarmi/Dropbox/KTH_Classes/Project_Course_Drone/dd2419_ws/devel/share/roseus/ros/crazyflie_driver/srv/sendPacket.l)
Linked: (/home/alsarmi/Dropbox/KTH_Classes/Project_Course_Drone/dd2419_ws/devel/.private/crazyflie_driver/share/roseus/ros/crazyflie_driver/srv/UpdateParams.l, /home/alsarmi/Dropbox/KTH_Classes/Project_Course_Drone/dd2419_ws/devel/share/roseus/ros/crazyflie_driver/srv/UpdateParams.l)
Linked: (/home/alsarmi/Dropbox/KTH_Classes/Project_Course_Drone/dd2419_ws/devel/.private/crazyflie_driver/share/roseus/ros/crazyflie_driver/srv/RemoveCrazyflie.l, /home/alsarmi/Dropbox/KTH_Classes/Project_Course_Drone/dd2419_ws/devel/share/roseus/ros/crazyflie_driver/srv/RemoveCrazyflie.l)
Linked: (/home/alsarmi/Dropbox/KTH_Classes/Project_Course_Drone/dd2419_ws/devel/.private/crazyflie_driver/share/roseus/ros/crazyflie_driver/msg/crtpPacket.l, /home/alsarmi/Dropbox/KTH_Classes/Project_Course_Drone/dd2419_ws/devel/share/roseus/ros/crazyflie_driver/msg/crtpPacket.l)
Linked: (/home/alsarmi/Dropbox/KTH_Classes/Project_Course_Drone/dd2419_ws/devel/.private/crazyflie_driver/share/roseus/ros/crazyflie_driver/msg/LogBlock.l, /home/alsarmi/Dropbox/KTH_Classes/Project_Course_Drone/dd2419_ws/devel/share/roseus/ros/crazyflie_driver/msg/LogBlock.l)
Linked: (/home/alsarmi/Dropbox/KTH_Classes/Project_Course_Drone/dd2419_ws/devel/.private/crazyflie_driver/share/roseus/ros/crazyflie_driver/msg/FullState.l, /home/alsarmi/Dropbox/KTH_Classes/Project_Course_Drone/dd2419_ws/devel/share/roseus/ros/crazyflie_driver/msg/FullState.l)
Linked: (/home/alsarmi/Dropbox/KTH_Classes/Project_Course_Drone/dd2419_ws/devel/.private/crazyflie_driver/share/roseus/ros/crazyflie_driver/msg/GenericLogData.l, /home/alsarmi/Dropbox/KTH_Classes/Project_Course_Drone/dd2419_ws/devel/share/roseus/ros/crazyflie_driver/msg/GenericLogData.l)
Linked: (/home/alsarmi/Dropbox/KTH_Classes/Project_Course_Drone/dd2419_ws/devel/.private/crazyflie_driver/share/roseus/ros/crazyflie_driver/msg/TrajectoryPolynomialPiece.l, /home/alsarmi/Dropbox/KTH_Classes/Project_Course_Drone/dd2419_ws/devel/share/roseus/ros/crazyflie_driver/msg/TrajectoryPolynomialPiece.l)
Linked: (/home/alsarmi/Dropbox/KTH_Classes/Project_Course_Drone/dd2419_ws/devel/.private/crazyflie_driver/share/roseus/ros/crazyflie_driver/msg/Position.l, /home/alsarmi/Dropbox/KTH_Classes/Project_Course_Drone/dd2419_ws/devel/share/roseus/ros/crazyflie_driver/msg/Position.l)
Linked: (/home/alsarmi/Dropbox/KTH_Classes/Project_Course_Drone/dd2419_ws/devel/.private/crazyflie_driver/share/roseus/ros/crazyflie_driver/msg/Hover.l, /home/alsarmi/Dropbox/KTH_Classes/Project_Course_Drone/dd2419_ws/devel/share/roseus/ros/crazyflie_driver/msg/Hover.l)
Linked: (/home/alsarmi/Dropbox/KTH_Classes/Project_Course_Drone/dd2419_ws/devel/.private/crazyflie_driver/share/common-lisp/ros/crazyflie_driver/srv/_package_Takeoff.lisp, /home/alsarmi/Dropbox/KTH_Classes/Project_Course_Drone/dd2419_ws/devel/share/common-lisp/ros/crazyflie_driver/srv/_package_Takeoff.lisp)
Linked: (/home/alsarmi/Dropbox/KTH_Classes/Project_Course_Drone/dd2419_ws/devel/.private/crazyflie_driver/share/common-lisp/ros/crazyflie_driver/srv/GoTo.lisp, /home/alsarmi/Dropbox/KTH_Classes/Project_Course_Drone/dd2419_ws/devel/share/common-lisp/ros/crazyflie_driver/srv/GoTo.lisp)
Linked: (/home/alsarmi/Dropbox/KTH_Classes/Project_Course_Drone/dd2419_ws/devel/.private/crazyflie_driver/share/common-lisp/ros/crazyflie_driver/srv/_package_GoTo.lisp, /home/alsarmi/Dropbox/KTH_Classes/Project_Course_Drone/dd2419_ws/devel/share/common-lisp/ros/crazyflie_driver/srv/_package_GoTo.lisp)
Linked: (/home/alsarmi/Dropbox/KTH_Classes/Project_Course_Drone/dd2419_ws/devel/.private/crazyflie_driver/share/common-lisp/ros/crazyflie_driver/srv/Stop.lisp, /home/alsarmi/Dropbox/KTH_Classes/Project_Course_Drone/dd2419_ws/devel/share/common-lisp/ros/crazyflie_driver/srv/Stop.lisp)
Linked: (/home/alsarmi/Dropbox/KTH_Classes/Project_Course_Drone/dd2419_ws/devel/.private/crazyflie_driver/share/common-lisp/ros/crazyflie_driver/srv/_package_AddCrazyflie.lisp, /home/alsarmi/Dropbox/KTH_Classes/Project_Course_Drone/dd2419_ws/devel/share/common-lisp/ros/crazyflie_driver/srv/_package_AddCrazyflie.lisp)
Linked: (/home/alsarmi/Dropbox/KTH_Classes/Project_Course_Drone/dd2419_ws/devel/.private/crazyflie_driver/share/common-lisp/ros/crazyflie_driver/srv/sendPacket.lisp, /home/alsarmi/Dropbox/KTH_Classes/Project_Course_Drone/dd2419_ws/devel/share/common-lisp/ros/crazyflie_driver/srv/sendPacket.lisp)
Linked: (/home/alsarmi/Dropbox/KTH_Classes/Project_Course_Drone/dd2419_ws/devel/.private/crazyflie_driver/share/common-lisp/ros/crazyflie_driver/srv/Land.lisp, /home/alsarmi/Dropbox/KTH_Classes/Project_Course_Drone/dd2419_ws/devel/share/common-lisp/ros/crazyflie_driver/srv/Land.lisp)
Linked: (/home/alsarmi/Dropbox/KTH_Classes/Project_Course_Drone/dd2419_ws/devel/.private/crazyflie_driver/share/common-lisp/ros/crazyflie_driver/srv/crazyflie_driver-srv.asd, /home/alsarmi/Dropbox/KTH_Classes/Project_Course_Drone/dd2419_ws/devel/share/common-lisp/ros/crazyflie_driver/srv/crazyflie_driver-srv.asd)
Linked: (/home/alsarmi/Dropbox/KTH_Classes/Project_Course_Drone/dd2419_ws/devel/.private/crazyflie_driver/share/common-lisp/ros/crazyflie_driver/srv/RemoveCrazyflie.lisp, /home/alsarmi/Dropbox/KTH_Classes/Project_Course_Drone/dd2419_ws/devel/share/common-lisp/ros/crazyflie_driver/srv/RemoveCrazyflie.lisp)
Linked: (/home/alsarmi/Dropbox/KTH_Classes/Project_Course_Drone/dd2419_ws/devel/.private/crazyflie_driver/share/common-lisp/ros/crazyflie_driver/srv/_package_UpdateParams.lisp, /home/alsarmi/Dropbox/KTH_Classes/Project_Course_Drone/dd2419_ws/devel/share/common-lisp/ros/crazyflie_driver/srv/_package_UpdateParams.lisp)
Linked: (/home/alsarmi/Dropbox/KTH_Classes/Project_Course_Drone/dd2419_ws/devel/.private/crazyflie_driver/share/common-lisp/ros/crazyflie_driver/srv/_package_RemoveCrazyflie.lisp, /home/alsarmi/Dropbox/KTH_Classes/Project_Course_Drone/dd2419_ws/devel/share/common-lisp/ros/crazyflie_driver/srv/_package_RemoveCrazyflie.lisp)
Linked: (/home/alsarmi/Dropbox/KTH_Classes/Project_Course_Drone/dd2419_ws/devel/.private/crazyflie_driver/share/common-lisp/ros/crazyflie_driver/srv/SetGroupMask.lisp, /home/alsarmi/Dropbox/KTH_Classes/Project_Course_Drone/dd2419_ws/devel/share/common-lisp/ros/crazyflie_driver/srv/SetGroupMask.lisp)
Linked: (/home/alsarmi/Dropbox/KTH_Classes/Project_Course_Drone/dd2419_ws/devel/.private/crazyflie_driver/share/common-lisp/ros/crazyflie_driver/srv/UpdateParams.lisp, /home/alsarmi/Dropbox/KTH_Classes/Project_Course_Drone/dd2419_ws/devel/share/common-lisp/ros/crazyflie_driver/srv/UpdateParams.lisp)
Linked: (/home/alsarmi/Dropbox/KTH_Classes/Project_Course_Drone/dd2419_ws/devel/.private/crazyflie_driver/share/common-lisp/ros/crazyflie_driver/srv/Takeoff.lisp, /home/alsarmi/Dropbox/KTH_Classes/Project_Course_Drone/dd2419_ws/devel/share/common-lisp/ros/crazyflie_driver/srv/Takeoff.lisp)
Linked: (/home/alsarmi/Dropbox/KTH_Classes/Project_Course_Drone/dd2419_ws/devel/.private/crazyflie_driver/share/common-lisp/ros/crazyflie_driver/srv/_package_UploadTrajectory.lisp, /home/alsarmi/Dropbox/KTH_Classes/Project_Course_Drone/dd2419_ws/devel/share/common-lisp/ros/crazyflie_driver/srv/_package_UploadTrajectory.lisp)
Linked: (/home/alsarmi/Dropbox/KTH_Classes/Project_Course_Drone/dd2419_ws/devel/.private/crazyflie_driver/share/common-lisp/ros/crazyflie_driver/srv/_package_Stop.lisp, /home/alsarmi/Dropbox/KTH_Classes/Project_Course_Drone/dd2419_ws/devel/share/common-lisp/ros/crazyflie_driver/srv/_package_Stop.lisp)
Linked: (/home/alsarmi/Dropbox/KTH_Classes/Project_Course_Drone/dd2419_ws/devel/.private/crazyflie_driver/share/common-lisp/ros/crazyflie_driver/srv/_package_sendPacket.lisp, /home/alsarmi/Dropbox/KTH_Classes/Project_Course_Drone/dd2419_ws/devel/share/common-lisp/ros/crazyflie_driver/srv/_package_sendPacket.lisp)
Linked: (/home/alsarmi/Dropbox/KTH_Classes/Project_Course_Drone/dd2419_ws/devel/.private/crazyflie_driver/share/common-lisp/ros/crazyflie_driver/srv/_package.lisp, /home/alsarmi/Dropbox/KTH_Classes/Project_Course_Drone/dd2419_ws/devel/share/common-lisp/ros/crazyflie_driver/srv/_package.lisp)
Linked: (/home/alsarmi/Dropbox/KTH_Classes/Project_Course_Drone/dd2419_ws/devel/.private/crazyflie_driver/share/common-lisp/ros/crazyflie_driver/srv/UploadTrajectory.lisp, /home/alsarmi/Dropbox/KTH_Classes/Project_Course_Drone/dd2419_ws/devel/share/common-lisp/ros/crazyflie_driver/srv/UploadTrajectory.lisp)
Linked: (/home/alsarmi/Dropbox/KTH_Classes/Project_Course_Drone/dd2419_ws/devel/.private/crazyflie_driver/share/common-lisp/ros/crazyflie_driver/srv/StartTrajectory.lisp, /home/alsarmi/Dropbox/KTH_Classes/Project_Course_Drone/dd2419_ws/devel/share/common-lisp/ros/crazyflie_driver/srv/StartTrajectory.lisp)
Linked: (/home/alsarmi/Dropbox/KTH_Classes/Project_Course_Drone/dd2419_ws/devel/.private/crazyflie_driver/share/common-lisp/ros/crazyflie_driver/srv/AddCrazyflie.lisp, /home/alsarmi/Dropbox/KTH_Classes/Project_Course_Drone/dd2419_ws/devel/share/common-lisp/ros/crazyflie_driver/srv/AddCrazyflie.lisp)
Linked: (/home/alsarmi/Dropbox/KTH_Classes/Project_Course_Drone/dd2419_ws/devel/.private/crazyflie_driver/share/common-lisp/ros/crazyflie_driver/srv/_package_StartTrajectory.lisp, /home/alsarmi/Dropbox/KTH_Classes/Project_Course_Drone/dd2419_ws/devel/share/common-lisp/ros/crazyflie_driver/srv/_package_StartTrajectory.lisp)
Linked: (/home/alsarmi/Dropbox/KTH_Classes/Project_Course_Drone/dd2419_ws/devel/.private/crazyflie_driver/share/common-lisp/ros/crazyflie_driver/srv/_package_SetGroupMask.lisp, /home/alsarmi/Dropbox/KTH_Classes/Project_Course_Drone/dd2419_ws/devel/share/common-lisp/ros/crazyflie_driver/srv/_package_SetGroupMask.lisp)
Linked: (/home/alsarmi/Dropbox/KTH_Classes/Project_Course_Drone/dd2419_ws/devel/.private/crazyflie_driver/share/common-lisp/ros/crazyflie_driver/srv/_package_Land.lisp, /home/alsarmi/Dropbox/KTH_Classes/Project_Course_Drone/dd2419_ws/devel/share/common-lisp/ros/crazyflie_driver/srv/_package_Land.lisp)
Linked: (/home/alsarmi/Dropbox/KTH_Classes/Project_Course_Drone/dd2419_ws/devel/.private/crazyflie_driver/share/common-lisp/ros/crazyflie_driver/msg/crtpPacket.lisp, /home/alsarmi/Dropbox/KTH_Classes/Project_Course_Drone/dd2419_ws/devel/share/common-lisp/ros/crazyflie_driver/msg/crtpPacket.lisp)
Linked: (/home/alsarmi/Dropbox/KTH_Classes/Project_Course_Drone/dd2419_ws/devel/.private/crazyflie_driver/share/common-lisp/ros/crazyflie_driver/msg/_package_GenericLogData.lisp, /home/alsarmi/Dropbox/KTH_Classes/Project_Course_Drone/dd2419_ws/devel/share/common-lisp/ros/crazyflie_driver/msg/_package_GenericLogData.lisp)
Linked: (/home/alsarmi/Dropbox/KTH_Classes/Project_Course_Drone/dd2419_ws/devel/.private/crazyflie_driver/share/common-lisp/ros/crazyflie_driver/msg/_package_LogBlock.lisp, /home/alsarmi/Dropbox/KTH_Classes/Project_Course_Drone/dd2419_ws/devel/share/common-lisp/ros/crazyflie_driver/msg/_package_LogBlock.lisp)
Linked: (/home/alsarmi/Dropbox/KTH_Classes/Project_Course_Drone/dd2419_ws/devel/.private/crazyflie_driver/share/common-lisp/ros/crazyflie_driver/msg/LogBlock.lisp, /home/alsarmi/Dropbox/KTH_Classes/Project_Course_Drone/dd2419_ws/devel/share/common-lisp/ros/crazyflie_driver/msg/LogBlock.lisp)
Linked: (/home/alsarmi/Dropbox/KTH_Classes/Project_Course_Drone/dd2419_ws/devel/.private/crazyflie_driver/share/common-lisp/ros/crazyflie_driver/msg/FullState.lisp, /home/alsarmi/Dropbox/KTH_Classes/Project_Course_Drone/dd2419_ws/devel/share/common-lisp/ros/crazyflie_driver/msg/FullState.lisp)
Linked: (/home/alsarmi/Dropbox/KTH_Classes/Project_Course_Drone/dd2419_ws/devel/.private/crazyflie_driver/share/common-lisp/ros/crazyflie_driver/msg/_package_TrajectoryPolynomialPiece.lisp, /home/alsarmi/Dropbox/KTH_Classes/Project_Course_Drone/dd2419_ws/devel/share/common-lisp/ros/crazyflie_driver/msg/_package_TrajectoryPolynomialPiece.lisp)
Linked: (/home/alsarmi/Dropbox/KTH_Classes/Project_Course_Drone/dd2419_ws/devel/.private/crazyflie_driver/share/common-lisp/ros/crazyflie_driver/msg/TrajectoryPolynomialPiece.lisp, /home/alsarmi/Dropbox/KTH_Classes/Project_Course_Drone/dd2419_ws/devel/share/common-lisp/ros/crazyflie_driver/msg/TrajectoryPolynomialPiece.lisp)
Linked: (/home/alsarmi/Dropbox/KTH_Classes/Project_Course_Drone/dd2419_ws/devel/.private/crazyflie_driver/share/common-lisp/ros/crazyflie_driver/msg/Hover.lisp, /home/alsarmi/Dropbox/KTH_Classes/Project_Course_Drone/dd2419_ws/devel/share/common-lisp/ros/crazyflie_driver/msg/Hover.lisp)
Linked: (/home/alsarmi/Dropbox/KTH_Classes/Project_Course_Drone/dd2419_ws/devel/.private/crazyflie_driver/share/common-lisp/ros/crazyflie_driver/msg/_package_FullState.lisp, /home/alsarmi/Dropbox/KTH_Classes/Project_Course_Drone/dd2419_ws/devel/share/common-lisp/ros/crazyflie_driver/msg/_package_FullState.lisp)
Linked: (/home/alsarmi/Dropbox/KTH_Classes/Project_Course_Drone/dd2419_ws/devel/.private/crazyflie_driver/share/common-lisp/ros/crazyflie_driver/msg/GenericLogData.lisp, /home/alsarmi/Dropbox/KTH_Classes/Project_Course_Drone/dd2419_ws/devel/share/common-lisp/ros/crazyflie_driver/msg/GenericLogData.lisp)
Linked: (/home/alsarmi/Dropbox/KTH_Classes/Project_Course_Drone/dd2419_ws/devel/.private/crazyflie_driver/share/common-lisp/ros/crazyflie_driver/msg/Position.lisp, /home/alsarmi/Dropbox/KTH_Classes/Project_Course_Drone/dd2419_ws/devel/share/common-lisp/ros/crazyflie_driver/msg/Position.lisp)
Linked: (/home/alsarmi/Dropbox/KTH_Classes/Project_Course_Drone/dd2419_ws/devel/.private/crazyflie_driver/share/common-lisp/ros/crazyflie_driver/msg/crazyflie_driver-msg.asd, /home/alsarmi/Dropbox/KTH_Classes/Project_Course_Drone/dd2419_ws/devel/share/common-lisp/ros/crazyflie_driver/msg/crazyflie_driver-msg.asd)
Linked: (/home/alsarmi/Dropbox/KTH_Classes/Project_Course_Drone/dd2419_ws/devel/.private/crazyflie_driver/share/common-lisp/ros/crazyflie_driver/msg/_package_crtpPacket.lisp, /home/alsarmi/Dropbox/KTH_Classes/Project_Course_Drone/dd2419_ws/devel/share/common-lisp/ros/crazyflie_driver/msg/_package_crtpPacket.lisp)
Linked: (/home/alsarmi/Dropbox/KTH_Classes/Project_Course_Drone/dd2419_ws/devel/.private/crazyflie_driver/share/common-lisp/ros/crazyflie_driver/msg/_package.lisp, /home/alsarmi/Dropbox/KTH_Classes/Project_Course_Drone/dd2419_ws/devel/share/common-lisp/ros/crazyflie_driver/msg/_package.lisp)
Linked: (/home/alsarmi/Dropbox/KTH_Classes/Project_Course_Drone/dd2419_ws/devel/.private/crazyflie_driver/share/common-lisp/ros/crazyflie_driver/msg/_package_Hover.lisp, /home/alsarmi/Dropbox/KTH_Classes/Project_Course_Drone/dd2419_ws/devel/share/common-lisp/ros/crazyflie_driver/msg/_package_Hover.lisp)
Linked: (/home/alsarmi/Dropbox/KTH_Classes/Project_Course_Drone/dd2419_ws/devel/.private/crazyflie_driver/share/common-lisp/ros/crazyflie_driver/msg/_package_Position.lisp, /home/alsarmi/Dropbox/KTH_Classes/Project_Course_Drone/dd2419_ws/devel/share/common-lisp/ros/crazyflie_driver/msg/_package_Position.lisp)
Linked: (/home/alsarmi/Dropbox/KTH_Classes/Project_Course_Drone/dd2419_ws/devel/.private/crazyflie_driver/include/crazyflie_driver/GoToRequest.h, /home/alsarmi/Dropbox/KTH_Classes/Project_Course_Drone/dd2419_ws/devel/include/crazyflie_driver/GoToRequest.h)
Linked: (/home/alsarmi/Dropbox/KTH_Classes/Project_Course_Drone/dd2419_ws/devel/.private/crazyflie_driver/include/crazyflie_driver/sendPacketResponse.h, /home/alsarmi/Dropbox/KTH_Classes/Project_Course_Drone/dd2419_ws/devel/include/crazyflie_driver/sendPacketResponse.h)
Linked: (/home/alsarmi/Dropbox/KTH_Classes/Project_Course_Drone/dd2419_ws/devel/.private/crazyflie_driver/include/crazyflie_driver/AddCrazyflieResponse.h, /home/alsarmi/Dropbox/KTH_Classes/Project_Course_Drone/dd2419_ws/devel/include/crazyflie_driver/AddCrazyflieResponse.h)
Linked: (/home/alsarmi/Dropbox/KTH_Classes/Project_Course_Drone/dd2419_ws/devel/.private/crazyflie_driver/include/crazyflie_driver/RemoveCrazyflieResponse.h, /home/alsarmi/Dropbox/KTH_Classes/Project_Course_Drone/dd2419_ws/devel/include/crazyflie_driver/RemoveCrazyflieResponse.h)
Linked: (/home/alsarmi/Dropbox/KTH_Classes/Project_Course_Drone/dd2419_ws/devel/.private/crazyflie_driver/include/crazyflie_driver/RemoveCrazyflie.h, /home/alsarmi/Dropbox/KTH_Classes/Project_Course_Drone/dd2419_ws/devel/include/crazyflie_driver/RemoveCrazyflie.h)
Linked: (/home/alsarmi/Dropbox/KTH_Classes/Project_Course_Drone/dd2419_ws/devel/.private/crazyflie_driver/include/crazyflie_driver/sendPacket.h, /home/alsarmi/Dropbox/KTH_Classes/Project_Course_Drone/dd2419_ws/devel/include/crazyflie_driver/sendPacket.h)
Linked: (/home/alsarmi/Dropbox/KTH_Classes/Project_Course_Drone/dd2419_ws/devel/.private/crazyflie_driver/include/crazyflie_driver/LogBlock.h, /home/alsarmi/Dropbox/KTH_Classes/Project_Course_Drone/dd2419_ws/devel/include/crazyflie_driver/LogBlock.h)
Linked: (/home/alsarmi/Dropbox/KTH_Classes/Project_Course_Drone/dd2419_ws/devel/.private/crazyflie_driver/include/crazyflie_driver/Stop.h, /home/alsarmi/Dropbox/KTH_Classes/Project_Course_Drone/dd2419_ws/devel/include/crazyflie_driver/Stop.h)
Linked: (/home/alsarmi/Dropbox/KTH_Classes/Project_Course_Drone/dd2419_ws/devel/.private/crazyflie_driver/include/crazyflie_driver/UpdateParams.h, /home/alsarmi/Dropbox/KTH_Classes/Project_Course_Drone/dd2419_ws/devel/include/crazyflie_driver/UpdateParams.h)
Linked: (/home/alsarmi/Dropbox/KTH_Classes/Project_Course_Drone/dd2419_ws/devel/.private/crazyflie_driver/include/crazyflie_driver/SetGroupMaskResponse.h, /home/alsarmi/Dropbox/KTH_Classes/Project_Course_Drone/dd2419_ws/devel/include/crazyflie_driver/SetGroupMaskResponse.h)
Linked: (/home/alsarmi/Dropbox/KTH_Classes/Project_Course_Drone/dd2419_ws/devel/.private/crazyflie_driver/include/crazyflie_driver/TakeoffResponse.h, /home/alsarmi/Dropbox/KTH_Classes/Project_Course_Drone/dd2419_ws/devel/include/crazyflie_driver/TakeoffResponse.h)
Linked: (/home/alsarmi/Dropbox/KTH_Classes/Project_Course_Drone/dd2419_ws/devel/.private/crazyflie_driver/include/crazyflie_driver/GoToResponse.h, /home/alsarmi/Dropbox/KTH_Classes/Project_Course_Drone/dd2419_ws/devel/include/crazyflie_driver/GoToResponse.h)
Linked: (/home/alsarmi/Dropbox/KTH_Classes/Project_Course_Drone/dd2419_ws/devel/.private/crazyflie_driver/include/crazyflie_driver/crtpPacket.h, /home/alsarmi/Dropbox/KTH_Classes/Project_Course_Drone/dd2419_ws/devel/include/crazyflie_driver/crtpPacket.h)
Linked: (/home/alsarmi/Dropbox/KTH_Classes/Project_Course_Drone/dd2419_ws/devel/.private/crazyflie_driver/include/crazyflie_driver/StopRequest.h, /home/alsarmi/Dropbox/KTH_Classes/Project_Course_Drone/dd2419_ws/devel/include/crazyflie_driver/StopRequest.h)
Linked: (/home/alsarmi/Dropbox/KTH_Classes/Project_Course_Drone/dd2419_ws/devel/.private/crazyflie_driver/include/crazyflie_driver/LandResponse.h, /home/alsarmi/Dropbox/KTH_Classes/Project_Course_Drone/dd2419_ws/devel/include/crazyflie_driver/LandResponse.h)
Linked: (/home/alsarmi/Dropbox/KTH_Classes/Project_Course_Drone/dd2419_ws/devel/.private/crazyflie_driver/include/crazyflie_driver/StartTrajectoryRequest.h, /home/alsarmi/Dropbox/KTH_Classes/Project_Course_Drone/dd2419_ws/devel/include/crazyflie_driver/StartTrajectoryRequest.h)
Linked: (/home/alsarmi/Dropbox/KTH_Classes/Project_Course_Drone/dd2419_ws/devel/.private/crazyflie_driver/include/crazyflie_driver/UpdateParamsResponse.h, /home/alsarmi/Dropbox/KTH_Classes/Project_Course_Drone/dd2419_ws/devel/include/crazyflie_driver/UpdateParamsResponse.h)
Linked: (/home/alsarmi/Dropbox/KTH_Classes/Project_Course_Drone/dd2419_ws/devel/.private/crazyflie_driver/include/crazyflie_driver/TrajectoryPolynomialPiece.h, /home/alsarmi/Dropbox/KTH_Classes/Project_Course_Drone/dd2419_ws/devel/include/crazyflie_driver/TrajectoryPolynomialPiece.h)
Linked: (/home/alsarmi/Dropbox/KTH_Classes/Project_Course_Drone/dd2419_ws/devel/.private/crazyflie_driver/include/crazyflie_driver/TakeoffRequest.h, /home/alsarmi/Dropbox/KTH_Classes/Project_Course_Drone/dd2419_ws/devel/include/crazyflie_driver/TakeoffRequest.h)
Linked: (/home/alsarmi/Dropbox/KTH_Classes/Project_Course_Drone/dd2419_ws/devel/.private/crazyflie_driver/include/crazyflie_driver/SetGroupMaskRequest.h, /home/alsarmi/Dropbox/KTH_Classes/Project_Course_Drone/dd2419_ws/devel/include/crazyflie_driver/SetGroupMaskRequest.h)
Linked: (/home/alsarmi/Dropbox/KTH_Classes/Project_Course_Drone/dd2419_ws/devel/.private/crazyflie_driver/include/crazyflie_driver/GenericLogData.h, /home/alsarmi/Dropbox/KTH_Classes/Project_Course_Drone/dd2419_ws/devel/include/crazyflie_driver/GenericLogData.h)
Linked: (/home/alsarmi/Dropbox/KTH_Classes/Project_Course_Drone/dd2419_ws/devel/.private/crazyflie_driver/include/crazyflie_driver/StopResponse.h, /home/alsarmi/Dropbox/KTH_Classes/Project_Course_Drone/dd2419_ws/devel/include/crazyflie_driver/StopResponse.h)
Linked: (/home/alsarmi/Dropbox/KTH_Classes/Project_Course_Drone/dd2419_ws/devel/.private/crazyflie_driver/include/crazyflie_driver/Position.h, /home/alsarmi/Dropbox/KTH_Classes/Project_Course_Drone/dd2419_ws/devel/include/crazyflie_driver/Position.h)
Linked: (/home/alsarmi/Dropbox/KTH_Classes/Project_Course_Drone/dd2419_ws/devel/.private/crazyflie_driver/include/crazyflie_driver/UpdateParamsRequest.h, /home/alsarmi/Dropbox/KTH_Classes/Project_Course_Drone/dd2419_ws/devel/include/crazyflie_driver/UpdateParamsRequest.h)
Linked: (/home/alsarmi/Dropbox/KTH_Classes/Project_Course_Drone/dd2419_ws/devel/.private/crazyflie_driver/include/crazyflie_driver/Land.h, /home/alsarmi/Dropbox/KTH_Classes/Project_Course_Drone/dd2419_ws/devel/include/crazyflie_driver/Land.h)
Linked: (/home/alsarmi/Dropbox/KTH_Classes/Project_Course_Drone/dd2419_ws/devel/.private/crazyflie_driver/include/crazyflie_driver/UploadTrajectory.h, /home/alsarmi/Dropbox/KTH_Classes/Project_Course_Drone/dd2419_ws/devel/include/crazyflie_driver/UploadTrajectory.h)
Linked: (/home/alsarmi/Dropbox/KTH_Classes/Project_Course_Drone/dd2419_ws/devel/.private/crazyflie_driver/include/crazyflie_driver/UploadTrajectoryRequest.h, /home/alsarmi/Dropbox/KTH_Classes/Project_Course_Drone/dd2419_ws/devel/include/crazyflie_driver/UploadTrajectoryRequest.h)
Linked: (/home/alsarmi/Dropbox/KTH_Classes/Project_Course_Drone/dd2419_ws/devel/.private/crazyflie_driver/include/crazyflie_driver/FullState.h, /home/alsarmi/Dropbox/KTH_Classes/Project_Course_Drone/dd2419_ws/devel/include/crazyflie_driver/FullState.h)
Linked: (/home/alsarmi/Dropbox/KTH_Classes/Project_Course_Drone/dd2419_ws/devel/.private/crazyflie_driver/include/crazyflie_driver/GoTo.h, /home/alsarmi/Dropbox/KTH_Classes/Project_Course_Drone/dd2419_ws/devel/include/crazyflie_driver/GoTo.h)
Linked: (/home/alsarmi/Dropbox/KTH_Classes/Project_Course_Drone/dd2419_ws/devel/.private/crazyflie_driver/include/crazyflie_driver/AddCrazyflieRequest.h, /home/alsarmi/Dropbox/KTH_Classes/Project_Course_Drone/dd2419_ws/devel/include/crazyflie_driver/AddCrazyflieRequest.h)
Linked: (/home/alsarmi/Dropbox/KTH_Classes/Project_Course_Drone/dd2419_ws/devel/.private/crazyflie_driver/include/crazyflie_driver/LandRequest.h, /home/alsarmi/Dropbox/KTH_Classes/Project_Course_Drone/dd2419_ws/devel/include/crazyflie_driver/LandRequest.h)
Linked: (/home/alsarmi/Dropbox/KTH_Classes/Project_Course_Drone/dd2419_ws/devel/.private/crazyflie_driver/include/crazyflie_driver/Takeoff.h, /home/alsarmi/Dropbox/KTH_Classes/Project_Course_Drone/dd2419_ws/devel/include/crazyflie_driver/Takeoff.h)
Linked: (/home/alsarmi/Dropbox/KTH_Classes/Project_Course_Drone/dd2419_ws/devel/.private/crazyflie_driver/include/crazyflie_driver/AddCrazyflie.h, /home/alsarmi/Dropbox/KTH_Classes/Project_Course_Drone/dd2419_ws/devel/include/crazyflie_driver/AddCrazyflie.h)
Linked: (/home/alsarmi/Dropbox/KTH_Classes/Project_Course_Drone/dd2419_ws/devel/.private/crazyflie_driver/include/crazyflie_driver/Hover.h, /home/alsarmi/Dropbox/KTH_Classes/Project_Course_Drone/dd2419_ws/devel/include/crazyflie_driver/Hover.h)
Linked: (/home/alsarmi/Dropbox/KTH_Classes/Project_Course_Drone/dd2419_ws/devel/.private/crazyflie_driver/include/crazyflie_driver/StartTrajectory.h, /home/alsarmi/Dropbox/KTH_Classes/Project_Course_Drone/dd2419_ws/devel/include/crazyflie_driver/StartTrajectory.h)
Linked: (/home/alsarmi/Dropbox/KTH_Classes/Project_Course_Drone/dd2419_ws/devel/.private/crazyflie_driver/include/crazyflie_driver/UploadTrajectoryResponse.h, /home/alsarmi/Dropbox/KTH_Classes/Project_Course_Drone/dd2419_ws/devel/include/crazyflie_driver/UploadTrajectoryResponse.h)
Linked: (/home/alsarmi/Dropbox/KTH_Classes/Project_Course_Drone/dd2419_ws/devel/.private/crazyflie_driver/include/crazyflie_driver/SetGroupMask.h, /home/alsarmi/Dropbox/KTH_Classes/Project_Course_Drone/dd2419_ws/devel/include/crazyflie_driver/SetGroupMask.h)
Linked: (/home/alsarmi/Dropbox/KTH_Classes/Project_Course_Drone/dd2419_ws/devel/.private/crazyflie_driver/include/crazyflie_driver/sendPacketRequest.h, /home/alsarmi/Dropbox/KTH_Classes/Project_Course_Drone/dd2419_ws/devel/include/crazyflie_driver/sendPacketRequest.h)
Linked: (/home/alsarmi/Dropbox/KTH_Classes/Project_Course_Drone/dd2419_ws/devel/.private/crazyflie_driver/include/crazyflie_driver/StartTrajectoryResponse.h, /home/alsarmi/Dropbox/KTH_Classes/Project_Course_Drone/dd2419_ws/devel/include/crazyflie_driver/StartTrajectoryResponse.h)
Linked: (/home/alsarmi/Dropbox/KTH_Classes/Project_Course_Drone/dd2419_ws/devel/.private/crazyflie_driver/include/crazyflie_driver/RemoveCrazyflieRequest.h, /home/alsarmi/Dropbox/KTH_Classes/Project_Course_Drone/dd2419_ws/devel/include/crazyflie_driver/RemoveCrazyflieRequest.h)
Linked: (/home/alsarmi/Dropbox/KTH_Classes/Project_Course_Drone/dd2419_ws/devel/.private/crazyflie_driver/lib/python2.7/dist-packages/crazyflie_driver/__init__.py, /home/alsarmi/Dropbox/KTH_Classes/Project_Course_Drone/dd2419_ws/devel/lib/python2.7/dist-packages/crazyflie_driver/__init__.py)
Linked: (/home/alsarmi/Dropbox/KTH_Classes/Project_Course_Drone/dd2419_ws/devel/.private/crazyflie_driver/lib/python2.7/dist-packages/crazyflie_driver/srv/_GoTo.py, /home/alsarmi/Dropbox/KTH_Classes/Project_Course_Drone/dd2419_ws/devel/lib/python2.7/dist-packages/crazyflie_driver/srv/_GoTo.py)
Linked: (/home/alsarmi/Dropbox/KTH_Classes/Project_Course_Drone/dd2419_ws/devel/.private/crazyflie_driver/lib/python2.7/dist-packages/crazyflie_driver/srv/_sendPacket.py, /home/alsarmi/Dropbox/KTH_Classes/Project_Course_Drone/dd2419_ws/devel/lib/python2.7/dist-packages/crazyflie_driver/srv/_sendPacket.py)
Linked: (/home/alsarmi/Dropbox/KTH_Classes/Project_Course_Drone/dd2419_ws/devel/.private/crazyflie_driver/lib/python2.7/dist-packages/crazyflie_driver/srv/_Land.py, /home/alsarmi/Dropbox/KTH_Classes/Project_Course_Drone/dd2419_ws/devel/lib/python2.7/dist-packages/crazyflie_driver/srv/_Land.py)
Linked: (/home/alsarmi/Dropbox/KTH_Classes/Project_Course_Drone/dd2419_ws/devel/.private/crazyflie_driver/lib/python2.7/dist-packages/crazyflie_driver/srv/_UploadTrajectory.py, /home/alsarmi/Dropbox/KTH_Classes/Project_Course_Drone/dd2419_ws/devel/lib/python2.7/dist-packages/crazyflie_driver/srv/_UploadTrajectory.py)
Linked: (/home/alsarmi/Dropbox/KTH_Classes/Project_Course_Drone/dd2419_ws/devel/.private/crazyflie_driver/lib/python2.7/dist-packages/crazyflie_driver/srv/__init__.py, /home/alsarmi/Dropbox/KTH_Classes/Project_Course_Drone/dd2419_ws/devel/lib/python2.7/dist-packages/crazyflie_driver/srv/__init__.py)
Linked: (/home/alsarmi/Dropbox/KTH_Classes/Project_Course_Drone/dd2419_ws/devel/.private/crazyflie_driver/lib/python2.7/dist-packages/crazyflie_driver/srv/_UpdateParams.py, /home/alsarmi/Dropbox/KTH_Classes/Project_Course_Drone/dd2419_ws/devel/lib/python2.7/dist-packages/crazyflie_driver/srv/_UpdateParams.py)
Linked: (/home/alsarmi/Dropbox/KTH_Classes/Project_Course_Drone/dd2419_ws/devel/.private/crazyflie_driver/lib/python2.7/dist-packages/crazyflie_driver/srv/_SetGroupMask.py, /home/alsarmi/Dropbox/KTH_Classes/Project_Course_Drone/dd2419_ws/devel/lib/python2.7/dist-packages/crazyflie_driver/srv/_SetGroupMask.py)
Linked: (/home/alsarmi/Dropbox/KTH_Classes/Project_Course_Drone/dd2419_ws/devel/.private/crazyflie_driver/lib/python2.7/dist-packages/crazyflie_driver/srv/_AddCrazyflie.py, /home/alsarmi/Dropbox/KTH_Classes/Project_Course_Drone/dd2419_ws/devel/lib/python2.7/dist-packages/crazyflie_driver/srv/_AddCrazyflie.py)
Linked: (/home/alsarmi/Dropbox/KTH_Classes/Project_Course_Drone/dd2419_ws/devel/.private/crazyflie_driver/lib/python2.7/dist-packages/crazyflie_driver/srv/_RemoveCrazyflie.py, /home/alsarmi/Dropbox/KTH_Classes/Project_Course_Drone/dd2419_ws/devel/lib/python2.7/dist-packages/crazyflie_driver/srv/_RemoveCrazyflie.py)
Linked: (/home/alsarmi/Dropbox/KTH_Classes/Project_Course_Drone/dd2419_ws/devel/.private/crazyflie_driver/lib/python2.7/dist-packages/crazyflie_driver/srv/_StartTrajectory.py, /home/alsarmi/Dropbox/KTH_Classes/Project_Course_Drone/dd2419_ws/devel/lib/python2.7/dist-packages/crazyflie_driver/srv/_StartTrajectory.py)
Linked: (/home/alsarmi/Dropbox/KTH_Classes/Project_Course_Drone/dd2419_ws/devel/.private/crazyflie_driver/lib/python2.7/dist-packages/crazyflie_driver/srv/_Stop.py, /home/alsarmi/Dropbox/KTH_Classes/Project_Course_Drone/dd2419_ws/devel/lib/python2.7/dist-packages/crazyflie_driver/srv/_Stop.py)
Linked: (/home/alsarmi/Dropbox/KTH_Classes/Project_Course_Drone/dd2419_ws/devel/.private/crazyflie_driver/lib/python2.7/dist-packages/crazyflie_driver/srv/_Takeoff.py, /home/alsarmi/Dropbox/KTH_Classes/Project_Course_Drone/dd2419_ws/devel/lib/python2.7/dist-packages/crazyflie_driver/srv/_Takeoff.py)
Linked: (/home/alsarmi/Dropbox/KTH_Classes/Project_Course_Drone/dd2419_ws/devel/.private/crazyflie_driver/lib/python2.7/dist-packages/crazyflie_driver/msg/_LogBlock.py, /home/alsarmi/Dropbox/KTH_Classes/Project_Course_Drone/dd2419_ws/devel/lib/python2.7/dist-packages/crazyflie_driver/msg/_LogBlock.py)
Linked: (/home/alsarmi/Dropbox/KTH_Classes/Project_Course_Drone/dd2419_ws/devel/.private/crazyflie_driver/lib/python2.7/dist-packages/crazyflie_driver/msg/_Position.py, /home/alsarmi/Dropbox/KTH_Classes/Project_Course_Drone/dd2419_ws/devel/lib/python2.7/dist-packages/crazyflie_driver/msg/_Position.py)
Linked: (/home/alsarmi/Dropbox/KTH_Classes/Project_Course_Drone/dd2419_ws/devel/.private/crazyflie_driver/lib/python2.7/dist-packages/crazyflie_driver/msg/_GenericLogData.py, /home/alsarmi/Dropbox/KTH_Classes/Project_Course_Drone/dd2419_ws/devel/lib/python2.7/dist-packages/crazyflie_driver/msg/_GenericLogData.py)
Linked: (/home/alsarmi/Dropbox/KTH_Classes/Project_Course_Drone/dd2419_ws/devel/.private/crazyflie_driver/lib/python2.7/dist-packages/crazyflie_driver/msg/_Hover.py, /home/alsarmi/Dropbox/KTH_Classes/Project_Course_Drone/dd2419_ws/devel/lib/python2.7/dist-packages/crazyflie_driver/msg/_Hover.py)
Linked: (/home/alsarmi/Dropbox/KTH_Classes/Project_Course_Drone/dd2419_ws/devel/.private/crazyflie_driver/lib/python2.7/dist-packages/crazyflie_driver/msg/_crtpPacket.py, /home/alsarmi/Dropbox/KTH_Classes/Project_Course_Drone/dd2419_ws/devel/lib/python2.7/dist-packages/crazyflie_driver/msg/_crtpPacket.py)
Linked: (/home/alsarmi/Dropbox/KTH_Classes/Project_Course_Drone/dd2419_ws/devel/.private/crazyflie_driver/lib/python2.7/dist-packages/crazyflie_driver/msg/__init__.py, /home/alsarmi/Dropbox/KTH_Classes/Project_Course_Drone/dd2419_ws/devel/lib/python2.7/dist-packages/crazyflie_driver/msg/__init__.py)
Linked: (/home/alsarmi/Dropbox/KTH_Classes/Project_Course_Drone/dd2419_ws/devel/.private/crazyflie_driver/lib/python2.7/dist-packages/crazyflie_driver/msg/_TrajectoryPolynomialPiece.py, /home/alsarmi/Dropbox/KTH_Classes/Project_Course_Drone/dd2419_ws/devel/lib/python2.7/dist-packages/crazyflie_driver/msg/_TrajectoryPolynomialPiece.py)
Linked: (/home/alsarmi/Dropbox/KTH_Classes/Project_Course_Drone/dd2419_ws/devel/.private/crazyflie_driver/lib/python2.7/dist-packages/crazyflie_driver/msg/_FullState.py, /home/alsarmi/Dropbox/KTH_Classes/Project_Course_Drone/dd2419_ws/devel/lib/python2.7/dist-packages/crazyflie_driver/msg/_FullState.py)
Linked: (/home/alsarmi/Dropbox/KTH_Classes/Project_Course_Drone/dd2419_ws/devel/.private/crazyflie_driver/lib/pkgconfig/crazyflie_driver.pc, /home/alsarmi/Dropbox/KTH_Classes/Project_Course_Drone/dd2419_ws/devel/lib/pkgconfig/crazyflie_driver.pc)
Linked: (/home/alsarmi/Dropbox/KTH_Classes/Project_Course_Drone/dd2419_ws/devel/.private/crazyflie_driver/lib/crazyflie_driver/crazyflie_add, /home/alsarmi/Dropbox/KTH_Classes/Project_Course_Drone/dd2419_ws/devel/lib/crazyflie_driver/crazyflie_add)
Linked: (/home/alsarmi/Dropbox/KTH_Classes/Project_Course_Drone/dd2419_ws/devel/.private/crazyflie_driver/lib/crazyflie_driver/crazyflie_server, /home/alsarmi/Dropbox/KTH_Classes/Project_Course_Drone/dd2419_ws/devel/lib/crazyflie_driver/crazyflie_server)
