Determining if the pthread_create exist failed with the following output:
Change Dir: /home/alsarmi/Dropbox/KTH_Classes/Project_Course_Drone/dd2419_ws/build/crazyflie_gazebo/CMakeFiles/CMakeTmp

Run Build Command:"/usr/bin/make" "cmTC_fc684/fast"
/usr/bin/make -f CMakeFiles/cmTC_fc684.dir/build.make CMakeFiles/cmTC_fc684.dir/build
make[1]: Entering directory '/home/alsarmi/Dropbox/KTH_Classes/Project_Course_Drone/dd2419_ws/build/crazyflie_gazebo/CMakeFiles/CMakeTmp'
Building C object CMakeFiles/cmTC_fc684.dir/CheckSymbolExists.c.o
/usr/bin/cc    -o CMakeFiles/cmTC_fc684.dir/CheckSymbolExists.c.o   -c /home/alsarmi/Dropbox/KTH_Classes/Project_Course_Drone/dd2419_ws/build/crazyflie_gazebo/CMakeFiles/CMakeTmp/CheckSymbolExists.c
Linking C executable cmTC_fc684
/usr/bin/cmake -E cmake_link_script CMakeFiles/cmTC_fc684.dir/link.txt --verbose=1
/usr/bin/cc      -rdynamic CMakeFiles/cmTC_fc684.dir/CheckSymbolExists.c.o  -o cmTC_fc684 
CMakeFiles/cmTC_fc684.dir/CheckSymbolExists.c.o: In function `main':
CheckSymbolExists.c:(.text+0x1b): undefined reference to `pthread_create'
collect2: error: ld returned 1 exit status
CMakeFiles/cmTC_fc684.dir/build.make:97: recipe for target 'cmTC_fc684' failed
make[1]: *** [cmTC_fc684] Error 1
make[1]: Leaving directory '/home/alsarmi/Dropbox/KTH_Classes/Project_Course_Drone/dd2419_ws/build/crazyflie_gazebo/CMakeFiles/CMakeTmp'
Makefile:126: recipe for target 'cmTC_fc684/fast' failed
make: *** [cmTC_fc684/fast] Error 2

File /home/alsarmi/Dropbox/KTH_Classes/Project_Course_Drone/dd2419_ws/build/crazyflie_gazebo/CMakeFiles/CMakeTmp/CheckSymbolExists.c:
/* */
#include <pthread.h>

int main(int argc, char** argv)
{
  (void)argv;
#ifndef pthread_create
  return ((int*)(&pthread_create))[argc];
#else
  (void)argc;
  return 0;
#endif
}

Determining if the function pthread_create exists in the pthreads failed with the following output:
Change Dir: /home/alsarmi/Dropbox/KTH_Classes/Project_Course_Drone/dd2419_ws/build/crazyflie_gazebo/CMakeFiles/CMakeTmp

Run Build Command:"/usr/bin/make" "cmTC_5203c/fast"
/usr/bin/make -f CMakeFiles/cmTC_5203c.dir/build.make CMakeFiles/cmTC_5203c.dir/build
make[1]: Entering directory '/home/alsarmi/Dropbox/KTH_Classes/Project_Course_Drone/dd2419_ws/build/crazyflie_gazebo/CMakeFiles/CMakeTmp'
Building C object CMakeFiles/cmTC_5203c.dir/CheckFunctionExists.c.o
/usr/bin/cc   -DCHECK_FUNCTION_EXISTS=pthread_create   -o CMakeFiles/cmTC_5203c.dir/CheckFunctionExists.c.o   -c /usr/share/cmake-3.10/Modules/CheckFunctionExists.c
Linking C executable cmTC_5203c
/usr/bin/cmake -E cmake_link_script CMakeFiles/cmTC_5203c.dir/link.txt --verbose=1
/usr/bin/cc  -DCHECK_FUNCTION_EXISTS=pthread_create    -rdynamic CMakeFiles/cmTC_5203c.dir/CheckFunctionExists.c.o  -o cmTC_5203c -lpthreads 
/usr/bin/ld: cannot find -lpthreads
collect2: error: ld returned 1 exit status
CMakeFiles/cmTC_5203c.dir/build.make:97: recipe for target 'cmTC_5203c' failed
make[1]: *** [cmTC_5203c] Error 1
make[1]: Leaving directory '/home/alsarmi/Dropbox/KTH_Classes/Project_Course_Drone/dd2419_ws/build/crazyflie_gazebo/CMakeFiles/CMakeTmp'
Makefile:126: recipe for target 'cmTC_5203c/fast' failed
make: *** [cmTC_5203c/fast] Error 2


